

================================================================
== Vivado HLS Report for 'dense_large_rf_gt_ni_1'
================================================================
* Date:           Tue Mar  2 23:01:23 2021

* Version:        2018.3 (Build 2405991 on Thu Dec 06 23:56:15 MST 2018)
* Project:        myproject_prj
* Solution:       solution1
* Product family: zynq
* Target device:  xc7z007sclg225-1


================================================================
== Performance Estimates
================================================================
+ Timing (ns): 
    * Summary: 
    +--------+-------+----------+------------+
    |  Clock | Target| Estimated| Uncertainty|
    +--------+-------+----------+------------+
    |ap_clk  |   5.00|     4.231|        0.62|
    +--------+-------+----------+------------+

+ Latency (clock cycles): 
    * Summary: 
    +------+------+------+------+---------+
    |   Latency   |   Interval  | Pipeline|
    |  min |  max |  min |  max |   Type  |
    +------+------+------+------+---------+
    |  1059|  2211|  1059|  2211|   none  |
    +------+------+------+------+---------+

    + Detail: 
        * Instance: 
        +--------------------+---------+-----+-----+-----+-----+---------+
        |                    |         |  Latency  |  Interval | Pipeline|
        |      Instance      |  Module | min | max | min | max |   Type  |
        +--------------------+---------+-----+-----+-----+-----+---------+
        |grp_product_fu_261  |product  |    4|    4|    4|    4|   none  |
        +--------------------+---------+-----+-----+-----+-----+---------+

        * Loop: 
        +-------------+------+------+----------+-----------+-----------+-------+----------+
        |             |   Latency   | Iteration|  Initiation Interval  |  Trip |          |
        |  Loop Name  |  min |  max |  Latency |  achieved |   target  | Count | Pipelined|
        +-------------+------+------+----------+-----------+-----------+-------+----------+
        |- InitAccum  |     8|     8|         1|          -|          -|      8|    no    |
        |- ReuseLoop  |  1024|  2176|  16 ~ 34 |          -|          -|     64|    no    |
        | + MultLoop  |    11|    28|        11|          -|          -| 1 ~ 2 |    no    |
        |- Result     |    24|    24|         3|          -|          -|      8|    no    |
        +-------------+------+------+----------+-----------+-----------+-------+----------+



================================================================
== Utilization Estimates
================================================================
* Summary: 
+-----------------+---------+-------+-------+-------+
|       Name      | BRAM_18K| DSP48E|   FF  |  LUT  |
+-----------------+---------+-------+-------+-------+
|DSP              |        -|      -|      -|      -|
|Expression       |        -|      -|      0|    351|
|FIFO             |        -|      -|      -|      -|
|Instance         |        -|      1|     55|    147|
|Memory           |        1|      -|     30|      4|
|Multiplexer      |        -|      -|      -|    202|
|Register         |        -|      -|    256|      -|
+-----------------+---------+-------+-------+-------+
|Total            |        1|      1|    341|    704|
+-----------------+---------+-------+-------+-------+
|Available        |      100|     66|  28800|  14400|
+-----------------+---------+-------+-------+-------+
|Utilization (%)  |        1|      1|      1|      4|
+-----------------+---------+-------+-------+-------+

+ Detail: 
    * Instance: 
    +--------------------+---------+---------+-------+----+-----+
    |      Instance      |  Module | BRAM_18K| DSP48E| FF | LUT |
    +--------------------+---------+---------+-------+----+-----+
    |grp_product_fu_261  |product  |        0|      1|  55|  147|
    +--------------------+---------+---------+-------+----+-----+
    |Total               |         |        0|      1|  55|  147|
    +--------------------+---------+---------+-------+----+-----+

    * DSP48: 
    N/A

    * Memory: 
    +-----------+--------------------------------+---------+----+----+------+-----+------+-------------+
    |   Memory  |             Module             | BRAM_18K| FF | LUT| Words| Bits| Banks| W*Bits*Banks|
    +-----------+--------------------------------+---------+----+----+------+-----+------+-------------+
    |acc_V_U    |dense_large_rf_gt_ni_1_acc_V    |        0|  28|   2|     8|   14|     1|          112|
    |outidx7_U  |dense_large_rf_gt_ni_1_outidx7  |        0|   2|   2|    64|    2|     1|          128|
    |w3_V_U     |dense_large_rf_gt_ni_1_w3_V     |        1|   0|   0|    64|   25|     1|         1600|
    +-----------+--------------------------------+---------+----+----+------+-----+------+-------------+
    |Total      |                                |        1|  30|   4|   136|   41|     3|         1840|
    +-----------+--------------------------------+---------+----+----+------+-----+------+-------------+

    * FIFO: 
    N/A

    * Expression: 
    +-----------------------+----------+-------+---+----+------------+------------+
    |     Variable Name     | Operation| DSP48E| FF| LUT| Bitwidth P0| Bitwidth P1|
    +-----------------------+----------+-------+---+----+------------+------------+
    |iacc_2_fu_278_p2       |     +    |      0|  0|  13|           4|           1|
    |im_2_fu_326_p2         |     +    |      0|  0|  10|           2|           1|
    |in_index_2_fu_491_p2   |     +    |      0|  0|  39|          32|           1|
    |ir_fu_299_p2           |     +    |      0|  0|  15|           7|           1|
    |ires_2_fu_525_p2       |     +    |      0|  0|  13|           4|           1|
    |out_index_2_fu_485_p2  |     +    |      0|  0|  13|           4|           3|
    |p_Val2_21_fu_427_p2    |     +    |      0|  0|  19|          14|          14|
    |ret_V_fu_413_p2        |     +    |      0|  0|  21|          15|          15|
    |w_index_2_fu_471_p2    |     +    |      0|  0|  15|           8|           7|
    |tmp_83_fu_379_p2       |     -    |      0|  0|  15|           5|           5|
    |overflow_fu_447_p2     |    and   |      0|  0|   2|           1|           1|
    |underflow_fu_459_p2    |    and   |      0|  0|   2|           1|           1|
    |exitcond5_fu_272_p2    |   icmp   |      0|  0|  11|           4|           5|
    |exitcond_fu_293_p2     |   icmp   |      0|  0|  11|           7|           8|
    |icmp_fu_507_p2         |   icmp   |      0|  0|  18|          28|           1|
    |tmp_73_fu_519_p2       |   icmp   |      0|  0|  11|           4|           5|
    |tmp_85_fu_391_p2       |   lshr   |      0|  0|  85|          28|          28|
    |p_s_fu_512_p3          |  select  |      0|  0|  32|           1|           1|
    |brmerge7_fu_465_p2     |    xor   |      0|  0|   2|           1|           1|
    |tmp_19_fu_441_p2       |    xor   |      0|  0|   2|           1|           2|
    |tmp_76_fu_453_p2       |    xor   |      0|  0|   2|           1|           2|
    +-----------------------+----------+-------+---+----+------------+------------+
    |Total                  |          |      0|  0| 351|         172|         104|
    +-----------------------+----------+-------+---+----+------------+------------+

    * Multiplexer: 
    +--------------------+----+-----------+-----+-----------+
    |        Name        | LUT| Input Size| Bits| Total Bits|
    +--------------------+----+-----------+-----+-----------+
    |acc_V_address0      |  27|          5|    3|         15|
    |acc_V_d0            |  27|          5|   14|         70|
    |ap_NS_fsm           |  85|         17|    1|         17|
    |iacc_reg_185        |   9|          2|    4|          8|
    |im_reg_219          |   9|          2|    2|          4|
    |in_index_reg_207    |   9|          2|   32|         64|
    |ires_reg_250        |   9|          2|    4|          8|
    |out_index3_reg_230  |   9|          2|    4|          8|
    |w_index3_reg_240    |   9|          2|    8|         16|
    |w_index_reg_196     |   9|          2|    7|         14|
    +--------------------+----+-----------+-----+-----------+
    |Total               | 202|         41|   79|        224|
    +--------------------+----+-----------+-----+-----------+

    * Register: 
    +---------------------------------+----+----+-----+-----------+
    |               Name              | FF | LUT| Bits| Const Bits|
    +---------------------------------+----+----+-----+-----------+
    |acc_V_addr_4_reg_611             |   3|   0|    3|          0|
    |ap_CS_fsm                        |  16|   0|   16|          0|
    |brmerge7_reg_630                 |   1|   0|    1|          0|
    |data_V_load_reg_577              |  14|   0|   14|          0|
    |grp_product_fu_261_ap_start_reg  |   1|   0|    1|          0|
    |iacc_reg_185                     |   4|   0|    4|          0|
    |im_2_reg_586                     |   2|   0|    2|          0|
    |im_reg_219                       |   2|   0|    2|          0|
    |in_index_2_reg_647               |  32|   0|   32|          0|
    |in_index_reg_207                 |  32|   0|   32|          0|
    |ir_reg_552                       |   7|   0|    7|          0|
    |ires_2_reg_665                   |   4|   0|    4|          0|
    |ires_reg_250                     |   4|   0|    4|          0|
    |out_index3_reg_230               |   4|   0|    4|          0|
    |out_index_reg_562                |   2|   0|    2|          0|
    |overflow_reg_622                 |   1|   0|    1|          0|
    |p_Val2_8_reg_616                 |  14|   0|   14|          0|
    |reg_267                          |  14|   0|   14|          0|
    |tmp_74_reg_670                   |   4|   0|   64|         60|
    |tmp_78_reg_582                   |   1|   0|    1|          0|
    |tmp_83_reg_601                   |   4|   0|    5|          1|
    |tmp_86_reg_606                   |  14|   0|   14|          0|
    |tmp_90_reg_652                   |  28|   0|   28|          0|
    |underflow_reg_626                |   1|   0|    1|          0|
    |w3_V_load_reg_596                |  25|   0|   25|          0|
    |w_index3_reg_240                 |   8|   0|    8|          0|
    |w_index_cast_reg_544             |   7|   0|    8|          1|
    |w_index_reg_196                  |   7|   0|    7|          0|
    +---------------------------------+----+----+-----+-----------+
    |Total                            | 256|   0|  318|         62|
    +---------------------------------+----+----+-----+-----------+



================================================================
== Interface
================================================================
* Summary: 
+-----------------+-----+-----+------------+------------------------+--------------+
|    RTL Ports    | Dir | Bits|  Protocol  |      Source Object     |    C Type    |
+-----------------+-----+-----+------------+------------------------+--------------+
|ap_clk           |  in |    1| ap_ctrl_hs | dense_large_rf_gt_ni.1 | return value |
|ap_rst           |  in |    1| ap_ctrl_hs | dense_large_rf_gt_ni.1 | return value |
|ap_start         |  in |    1| ap_ctrl_hs | dense_large_rf_gt_ni.1 | return value |
|ap_done          | out |    1| ap_ctrl_hs | dense_large_rf_gt_ni.1 | return value |
|ap_idle          | out |    1| ap_ctrl_hs | dense_large_rf_gt_ni.1 | return value |
|ap_ready         | out |    1| ap_ctrl_hs | dense_large_rf_gt_ni.1 | return value |
|data_V_address0  | out |    4|  ap_memory |         data_V         |     array    |
|data_V_ce0       | out |    1|  ap_memory |         data_V         |     array    |
|data_V_q0        |  in |   14|  ap_memory |         data_V         |     array    |
|res_V_address0   | out |    3|  ap_memory |          res_V         |     array    |
|res_V_ce0        | out |    1|  ap_memory |          res_V         |     array    |
|res_V_we0        | out |    1|  ap_memory |          res_V         |     array    |
|res_V_d0         | out |   14|  ap_memory |          res_V         |     array    |
+-----------------+-----+-----+------------+------------------------+--------------+

