2.600612163543701 2.5132298469543457
2.431082248687744 2.3157758712768555
2.1985583305358887 2.0414576530456543
1.8931682109832764 1.710115909576416
1.5605249404907227 1.3877204656600952
1.2698804140090942 1.1419978141784668
1.060280203819275 0.9745092988014221
0.920868992805481 0.8641207814216614
0.8246697187423706 0.7875051498413086
0.7564083933830261 0.7300421595573425
0.7043958902359009 0.6841134428977966
0.6641976237297058 0.6485904455184937
0.6310775279998779 0.6202337741851807
0.6037477850914001 0.5948775410652161
0.5796001553535461 0.5741125345230103
0.5602638125419617 0.555926501750946
0.542630672454834 0.538701057434082
0.5257413387298584 0.5239980816841125
0.5131442546844482 0.5134157538414001
0.49951398372650146 0.5005509257316589
0.4868432879447937 0.488308846950531
0.47626832127571106 0.4781351685523987
0.4662352502346039 0.4689517021179199
0.4561011493206024 0.45975974202156067
0.4458199441432953 0.450764536857605
0.43718820810317993 0.44146043062210083
0.4292493760585785 0.43447884917259216
0.42166033387184143 0.42997363209724426
0.41560620069503784 0.4211462140083313
0.40871113538742065 0.4141203463077545
