

================================================================
== Vivado HLS Report for 'init_exp_table'
================================================================
* Date:           Mon Mar  1 22:03:19 2021

* Version:        2018.3 (Build 2405991 on Thu Dec 06 23:56:15 MST 2018)
* Project:        myproject_prj
* Solution:       solution1
* Product family: zynq
* Target device:  xc7z007sclg225-1


================================================================
== Performance Estimates
================================================================
+ Timing (ns): 
    * Summary: 
    +--------+-------+----------+------------+
    |  Clock | Target| Estimated| Uncertainty|
    +--------+-------+----------+------------+
    |ap_clk  |   5.00|     4.367|        0.62|
    +--------+-------+----------+------------+

+ Latency (clock cycles): 
    * Summary: 
    +-------+-------+-------+-------+---------+
    |    Latency    |    Interval   | Pipeline|
    |  min  |  max  |  min  |  max  |   Type  |
    +-------+-------+-------+-------+---------+
    |  35841|  35841|  35841|  35841|   none  |
    +-------+-------+-------+-------+---------+

    + Detail: 
        * Instance: 
        N/A

        * Loop: 
        +----------+-------+-------+----------+-----------+-----------+------+----------+
        |          |    Latency    | Iteration|  Initiation Interval  | Trip |          |
        | Loop Name|  min  |  max  |  Latency |  achieved |   target  | Count| Pipelined|
        +----------+-------+-------+----------+-----------+-----------+------+----------+
        |- Loop 1  |  35840|  35840|        35|          -|          -|  1024|    no    |
        +----------+-------+-------+----------+-----------+-----------+------+----------+

============================================================
+ Verbose Summary: Synthesis Manager
============================================================
InlineROM: 1
ExposeGlobal: 0
============================================================
+ Verbose Summary: CDFG Model
============================================================
IsTopModel: 0
ResetActiveHigh: 1
IsCombinational: 0
IsDatapathOnly: 0
HasWiredReturn: 1
HasMFsm: 0
HasVarLatency: 1
IsPipeline: 0
IsRtlPipelined: 0
IsInstanceOverlapped: 0
IsDontTouch: 0
HasImplIP: 0
IsGatedGlobalClock: 0


============================================================
+ Verbose Summary: Schedule
============================================================
* Number of FSM states : 36
* Pipeline : 0
* Dataflow Pipeline: 0

* FSM state transitions: 
1 --> 
	2  / true
2 --> 
	3  / (!tmp)
3 --> 
	4  / true
4 --> 
	5  / true
5 --> 
	6  / true
6 --> 
	7  / true
7 --> 
	8  / true
8 --> 
	9  / true
9 --> 
	10  / true
10 --> 
	11  / true
11 --> 
	12  / true
12 --> 
	13  / true
13 --> 
	14  / true
14 --> 
	15  / true
15 --> 
	16  / true
16 --> 
	17  / true
17 --> 
	18  / true
18 --> 
	19  / true
19 --> 
	20  / true
20 --> 
	21  / true
21 --> 
	22  / true
22 --> 
	23  / true
23 --> 
	24  / true
24 --> 
	25  / true
25 --> 
	26  / true
26 --> 
	27  / true
27 --> 
	28  / true
28 --> 
	29  / true
29 --> 
	30  / true
30 --> 
	31  / true
31 --> 
	32  / true
32 --> 
	33  / true
33 --> 
	34  / true
34 --> 
	35  / true
35 --> 
	36  / true
36 --> 
	2  / true

* FSM state operations: 

State 1 <SV = 0> <Delay = 1.76>
ST_1 : Operation 37 [1/1] (1.76ns)   --->   "br label %1" [firmware/nnet_utils/nnet_activation.h:201]   --->   Operation 37 'br' <Predicate = true> <Delay = 1.76>

State 2 <SV = 1> <Delay = 1.88>
ST_2 : Operation 38 [1/1] (0.00ns)   --->   "%i_assign = phi i11 [ 0, %0 ], [ %i, %_ifconv ]"   --->   Operation 38 'phi' 'i_assign' <Predicate = true> <Delay = 0.00>
ST_2 : Operation 39 [1/1] (1.88ns)   --->   "%tmp = icmp eq i11 %i_assign, -1024" [firmware/nnet_utils/nnet_activation.h:201]   --->   Operation 39 'icmp' 'tmp' <Predicate = true> <Delay = 1.88> <Core = "Cmp">   --->   Core 25 'Cmp' <Latency = 0> <II = 1> <Delay = 1.99> <FuncUnit> <Opcode : 'icmp'> <InPorts = 2> <OutPorts = 1>
ST_2 : Operation 40 [1/1] (0.00ns)   --->   "%empty = call i32 (...)* @_ssdm_op_SpecLoopTripCount(i64 1024, i64 1024, i64 1024)"   --->   Operation 40 'speclooptripcount' 'empty' <Predicate = true> <Delay = 0.00>
ST_2 : Operation 41 [1/1] (1.63ns)   --->   "%i = add i11 %i_assign, 1" [firmware/nnet_utils/nnet_activation.h:201]   --->   Operation 41 'add' 'i' <Predicate = true> <Delay = 1.63> <Core = "AddSub">   --->   Core 14 'AddSub' <Latency = 0> <II = 1> <Delay = 1.54> <FuncUnit> <Opcode : 'add' 'sub'> <InPorts = 2> <OutPorts = 1>
ST_2 : Operation 42 [1/1] (0.00ns)   --->   "br i1 %tmp, label %2, label %_ifconv" [firmware/nnet_utils/nnet_activation.h:201]   --->   Operation 42 'br' <Predicate = true> <Delay = 0.00>
ST_2 : Operation 43 [1/1] (0.00ns)   --->   "%tmp_44 = trunc i11 %i_assign to i10" [firmware/nnet_utils/nnet_activation.h:201]   --->   Operation 43 'trunc' 'tmp_44' <Predicate = (!tmp)> <Delay = 0.00>
ST_2 : Operation 44 [1/1] (0.00ns)   --->   "%tmp_V_3 = call i14 @_ssdm_op_BitConcatenate.i14.i10.i4(i10 %tmp_44, i4 0) nounwind" [firmware/nnet_utils/nnet_activation.h:186->firmware/nnet_utils/nnet_activation.h:203]   --->   Operation 44 'bitconcatenate' 'tmp_V_3' <Predicate = (!tmp)> <Delay = 0.00>
ST_2 : Operation 45 [1/1] (1.81ns)   --->   "%tmp_V = sub i14 0, %tmp_V_3" [firmware/nnet_utils/nnet_activation.h:187->firmware/nnet_utils/nnet_activation.h:203]   --->   Operation 45 'sub' 'tmp_V' <Predicate = (!tmp)> <Delay = 1.81> <Core = "AddSub">   --->   Core 14 'AddSub' <Latency = 0> <II = 1> <Delay = 1.54> <FuncUnit> <Opcode : 'add' 'sub'> <InPorts = 2> <OutPorts = 1>
ST_2 : Operation 46 [1/1] (0.00ns)   --->   "ret void" [firmware/nnet_utils/nnet_activation.h:207]   --->   Operation 46 'ret' <Predicate = (tmp)> <Delay = 0.00>

State 3 <SV = 2> <Delay = 4.10>
ST_3 : Operation 47 [1/1] (2.20ns)   --->   "%tmp_i = icmp eq i14 %tmp_V_3, 0" [firmware/nnet_utils/nnet_activation.h:187->firmware/nnet_utils/nnet_activation.h:203]   --->   Operation 47 'icmp' 'tmp_i' <Predicate = true> <Delay = 2.20> <Core = "Cmp">   --->   Core 25 'Cmp' <Latency = 0> <II = 1> <Delay = 1.99> <FuncUnit> <Opcode : 'icmp'> <InPorts = 2> <OutPorts = 1>
ST_3 : Operation 48 [1/1] (0.00ns)   --->   "%p_Result_18 = call i1 @_ssdm_op_BitSelect.i1.i11.i32(i11 %i_assign, i32 9)" [firmware/nnet_utils/nnet_activation.h:187->firmware/nnet_utils/nnet_activation.h:203]   --->   Operation 48 'bitselect' 'p_Result_18' <Predicate = true> <Delay = 0.00>
ST_3 : Operation 49 [1/1] (0.70ns)   --->   "%tmp_V_4 = select i1 %p_Result_18, i14 %tmp_V, i14 %tmp_V_3" [firmware/nnet_utils/nnet_activation.h:187->firmware/nnet_utils/nnet_activation.h:203]   --->   Operation 49 'select' 'tmp_V_4' <Predicate = true> <Delay = 0.70> <Core = "Sel">   --->   Core 26 'Sel' <Latency = 0> <II = 1> <Delay = 0.75> <FuncUnit> <Opcode : 'select'> <InPorts = 3> <OutPorts = 1>
ST_3 : Operation 50 [1/1] (0.00ns)   --->   "%p_Result_s = call i14 @llvm.part.select.i14(i14 %tmp_V_4, i32 13, i32 0) nounwind" [firmware/nnet_utils/nnet_activation.h:187->firmware/nnet_utils/nnet_activation.h:203]   --->   Operation 50 'partselect' 'p_Result_s' <Predicate = true> <Delay = 0.00>
ST_3 : Operation 51 [1/1] (0.00ns)   --->   "%p_Result_19 = call i32 @_ssdm_op_BitConcatenate.i32.i18.i14(i18 -1, i14 %p_Result_s) nounwind" [firmware/nnet_utils/nnet_activation.h:187->firmware/nnet_utils/nnet_activation.h:203]   --->   Operation 51 'bitconcatenate' 'p_Result_19' <Predicate = true> <Delay = 0.00>
ST_3 : Operation 52 [1/1] (3.39ns)   --->   "%l = call i32 @llvm.cttz.i32(i32 %p_Result_19, i1 true) nounwind" [firmware/nnet_utils/nnet_activation.h:187->firmware/nnet_utils/nnet_activation.h:203]   --->   Operation 52 'cttz' 'l' <Predicate = true> <Delay = 3.39> <Core = "CTTZ">   --->   Core 64 'CTTZ' <Latency = 0> <II = 1> <Delay = 3.39> <FuncUnit> <Opcode : 'cttz'> <InPorts = 1> <OutPorts = 1>
ST_3 : Operation 53 [1/1] (0.00ns)   --->   "%tmp_62 = trunc i32 %l to i8" [firmware/nnet_utils/nnet_activation.h:187->firmware/nnet_utils/nnet_activation.h:203]   --->   Operation 53 'trunc' 'tmp_62' <Predicate = true> <Delay = 0.00>

State 4 <SV = 3> <Delay = 2.55>
ST_4 : Operation 54 [1/1] (2.55ns)   --->   "%tmp_2_i = sub nsw i32 14, %l" [firmware/nnet_utils/nnet_activation.h:187->firmware/nnet_utils/nnet_activation.h:203]   --->   Operation 54 'sub' 'tmp_2_i' <Predicate = (!tmp_i)> <Delay = 2.55> <Core = "AddSub">   --->   Core 14 'AddSub' <Latency = 0> <II = 1> <Delay = 1.54> <FuncUnit> <Opcode : 'add' 'sub'> <InPorts = 2> <OutPorts = 1>
ST_4 : Operation 55 [1/1] (0.00ns)   --->   "%tmp_53 = trunc i32 %tmp_2_i to i14" [firmware/nnet_utils/nnet_activation.h:187->firmware/nnet_utils/nnet_activation.h:203]   --->   Operation 55 'trunc' 'tmp_53' <Predicate = (!tmp_i)> <Delay = 0.00>
ST_4 : Operation 56 [1/1] (0.00ns)   --->   "%tmp_55 = trunc i32 %tmp_2_i to i4" [firmware/nnet_utils/nnet_activation.h:187->firmware/nnet_utils/nnet_activation.h:203]   --->   Operation 56 'trunc' 'tmp_55' <Predicate = (!tmp_i)> <Delay = 0.00>

State 5 <SV = 4> <Delay = 4.13>
ST_5 : Operation 57 [1/1] (2.55ns)   --->   "%lsb_index = add nsw i32 %tmp_2_i, -24" [firmware/nnet_utils/nnet_activation.h:187->firmware/nnet_utils/nnet_activation.h:203]   --->   Operation 57 'add' 'lsb_index' <Predicate = (!tmp_i)> <Delay = 2.55> <Core = "AddSub">   --->   Core 14 'AddSub' <Latency = 0> <II = 1> <Delay = 1.54> <FuncUnit> <Opcode : 'add' 'sub'> <InPorts = 2> <OutPorts = 1>
ST_5 : Operation 58 [1/1] (0.00ns)   --->   "%tmp_54 = call i31 @_ssdm_op_PartSelect.i31.i32.i32.i32(i32 %lsb_index, i32 1, i32 31)" [firmware/nnet_utils/nnet_activation.h:187->firmware/nnet_utils/nnet_activation.h:203]   --->   Operation 58 'partselect' 'tmp_54' <Predicate = (!tmp_i)> <Delay = 0.00>
ST_5 : Operation 59 [1/1] (1.73ns)   --->   "%tmp_56 = sub i4 7, %tmp_55" [firmware/nnet_utils/nnet_activation.h:187->firmware/nnet_utils/nnet_activation.h:203]   --->   Operation 59 'sub' 'tmp_56' <Predicate = (!tmp_i)> <Delay = 1.73> <Core = "AddSub">   --->   Core 14 'AddSub' <Latency = 0> <II = 1> <Delay = 1.54> <FuncUnit> <Opcode : 'add' 'sub'> <InPorts = 2> <OutPorts = 1>
ST_5 : Operation 60 [1/1] (0.00ns) (grouped into LUT with out node tmp_5_i)   --->   "%tmp_57 = zext i4 %tmp_56 to i14" [firmware/nnet_utils/nnet_activation.h:187->firmware/nnet_utils/nnet_activation.h:203]   --->   Operation 60 'zext' 'tmp_57' <Predicate = (!tmp_i)> <Delay = 0.00>
ST_5 : Operation 61 [1/1] (0.00ns) (grouped into LUT with out node tmp_5_i)   --->   "%tmp_58 = lshr i14 -1, %tmp_57" [firmware/nnet_utils/nnet_activation.h:187->firmware/nnet_utils/nnet_activation.h:203]   --->   Operation 61 'lshr' 'tmp_58' <Predicate = (!tmp_i)> <Delay = 0.00> <Core = "Shift">   --->   Core 28 'Shift' <Latency = 0> <II = 1> <Delay = 4.04> <FuncUnit> <Opcode : 'shl' 'lshr' 'ashr'> <InPorts = 2> <OutPorts = 1>
ST_5 : Operation 62 [1/1] (0.00ns) (grouped into LUT with out node tmp_5_i)   --->   "%p_Result_14 = and i14 %tmp_V_4, %tmp_58" [firmware/nnet_utils/nnet_activation.h:187->firmware/nnet_utils/nnet_activation.h:203]   --->   Operation 62 'and' 'p_Result_14' <Predicate = (!tmp_i)> <Delay = 0.00> <Core = "LogicGate">   --->   Core 27 'LogicGate' <Latency = 0> <II = 1> <Delay = 0.97> <FuncUnit> <Opcode : 'and' 'or' 'xor'> <InPorts = 2> <OutPorts = 1>
ST_5 : Operation 63 [1/1] (2.39ns) (out node of the LUT)   --->   "%tmp_5_i = icmp ne i14 %p_Result_14, 0" [firmware/nnet_utils/nnet_activation.h:187->firmware/nnet_utils/nnet_activation.h:203]   --->   Operation 63 'icmp' 'tmp_5_i' <Predicate = (!tmp_i)> <Delay = 2.39> <Core = "Cmp">   --->   Core 25 'Cmp' <Latency = 0> <II = 1> <Delay = 1.99> <FuncUnit> <Opcode : 'icmp'> <InPorts = 2> <OutPorts = 1>
ST_5 : Operation 64 [1/1] (2.55ns)   --->   "%tmp_11_i = add nsw i32 %tmp_2_i, -25" [firmware/nnet_utils/nnet_activation.h:187->firmware/nnet_utils/nnet_activation.h:203]   --->   Operation 64 'add' 'tmp_11_i' <Predicate = (!tmp_i)> <Delay = 2.55> <Core = "AddSub">   --->   Core 14 'AddSub' <Latency = 0> <II = 1> <Delay = 1.54> <FuncUnit> <Opcode : 'add' 'sub'> <InPorts = 2> <OutPorts = 1>
ST_5 : Operation 65 [1/1] (2.55ns)   --->   "%tmp_14_i = sub i32 25, %tmp_2_i" [firmware/nnet_utils/nnet_activation.h:187->firmware/nnet_utils/nnet_activation.h:203]   --->   Operation 65 'sub' 'tmp_14_i' <Predicate = (!tmp_i)> <Delay = 2.55> <Core = "AddSub">   --->   Core 14 'AddSub' <Latency = 0> <II = 1> <Delay = 1.54> <FuncUnit> <Opcode : 'add' 'sub'> <InPorts = 2> <OutPorts = 1>

State 6 <SV = 5> <Delay = 3.60>
ST_6 : Operation 66 [1/1] (2.47ns)   --->   "%icmp = icmp sgt i31 %tmp_54, 0" [firmware/nnet_utils/nnet_activation.h:187->firmware/nnet_utils/nnet_activation.h:203]   --->   Operation 66 'icmp' 'icmp' <Predicate = (!tmp_i)> <Delay = 2.47> <Core = "Cmp">   --->   Core 25 'Cmp' <Latency = 0> <II = 1> <Delay = 1.99> <FuncUnit> <Opcode : 'icmp'> <InPorts = 2> <OutPorts = 1>
ST_6 : Operation 67 [1/1] (0.00ns) (grouped into LUT with out node tmp_6_i)   --->   "%a = and i1 %icmp, %tmp_5_i" [firmware/nnet_utils/nnet_activation.h:187->firmware/nnet_utils/nnet_activation.h:203]   --->   Operation 67 'and' 'a' <Predicate = (!tmp_i)> <Delay = 0.00> <Core = "LogicGate">   --->   Core 27 'LogicGate' <Latency = 0> <II = 1> <Delay = 0.97> <FuncUnit> <Opcode : 'and' 'or' 'xor'> <InPorts = 2> <OutPorts = 1>
ST_6 : Operation 68 [1/1] (0.00ns) (grouped into LUT with out node tmp_6_i)   --->   "%tmp_60 = call i1 @_ssdm_op_BitSelect.i1.i32.i32(i32 %lsb_index, i32 31)" [firmware/nnet_utils/nnet_activation.h:187->firmware/nnet_utils/nnet_activation.h:203]   --->   Operation 68 'bitselect' 'tmp_60' <Predicate = (!tmp_i)> <Delay = 0.00>
ST_6 : Operation 69 [1/1] (0.00ns) (grouped into LUT with out node tmp_6_i)   --->   "%rev = xor i1 %tmp_60, true" [firmware/nnet_utils/nnet_activation.h:187->firmware/nnet_utils/nnet_activation.h:203]   --->   Operation 69 'xor' 'rev' <Predicate = (!tmp_i)> <Delay = 0.00> <Core = "LogicGate">   --->   Core 27 'LogicGate' <Latency = 0> <II = 1> <Delay = 0.97> <FuncUnit> <Opcode : 'and' 'or' 'xor'> <InPorts = 2> <OutPorts = 1>
ST_6 : Operation 70 [1/1] (1.81ns)   --->   "%tmp_8_i = add i14 %tmp_53, -24" [firmware/nnet_utils/nnet_activation.h:187->firmware/nnet_utils/nnet_activation.h:203]   --->   Operation 70 'add' 'tmp_8_i' <Predicate = (!tmp_i)> <Delay = 1.81> <Core = "AddSub">   --->   Core 14 'AddSub' <Latency = 0> <II = 1> <Delay = 1.54> <FuncUnit> <Opcode : 'add' 'sub'> <InPorts = 2> <OutPorts = 1>
ST_6 : Operation 71 [1/1] (0.00ns) (grouped into LUT with out node tmp_6_i)   --->   "%p_Result_3 = call i1 @_ssdm_op_BitSelect.i1.i14.i14(i14 %tmp_V_4, i14 %tmp_8_i) nounwind" [firmware/nnet_utils/nnet_activation.h:187->firmware/nnet_utils/nnet_activation.h:203]   --->   Operation 71 'bitselect' 'p_Result_3' <Predicate = (!tmp_i)> <Delay = 0.00>
ST_6 : Operation 72 [1/1] (0.00ns) (grouped into LUT with out node tmp_6_i)   --->   "%tmp_i_46 = and i1 %p_Result_3, %rev" [firmware/nnet_utils/nnet_activation.h:187->firmware/nnet_utils/nnet_activation.h:203]   --->   Operation 72 'and' 'tmp_i_46' <Predicate = (!tmp_i)> <Delay = 0.00> <Core = "LogicGate">   --->   Core 27 'LogicGate' <Latency = 0> <II = 1> <Delay = 0.97> <FuncUnit> <Opcode : 'and' 'or' 'xor'> <InPorts = 2> <OutPorts = 1>
ST_6 : Operation 73 [1/1] (0.00ns) (grouped into LUT with out node tmp_6_i)   --->   "%tmp_9_i = or i1 %tmp_i_46, %a" [firmware/nnet_utils/nnet_activation.h:187->firmware/nnet_utils/nnet_activation.h:203]   --->   Operation 73 'or' 'tmp_9_i' <Predicate = (!tmp_i)> <Delay = 0.00> <Core = "LogicGate">   --->   Core 27 'LogicGate' <Latency = 0> <II = 1> <Delay = 0.97> <FuncUnit> <Opcode : 'and' 'or' 'xor'> <InPorts = 2> <OutPorts = 1>
ST_6 : Operation 74 [1/1] (0.97ns) (out node of the LUT)   --->   "%tmp_6_i = call i32 @_ssdm_op_BitConcatenate.i32.i31.i1(i31 0, i1 %tmp_9_i) nounwind" [firmware/nnet_utils/nnet_activation.h:187->firmware/nnet_utils/nnet_activation.h:203]   --->   Operation 74 'bitconcatenate' 'tmp_6_i' <Predicate = (!tmp_i)> <Delay = 0.97>
ST_6 : Operation 75 [1/1] (0.00ns)   --->   "%m = zext i14 %tmp_V_4 to i64" [firmware/nnet_utils/nnet_activation.h:187->firmware/nnet_utils/nnet_activation.h:203]   --->   Operation 75 'zext' 'm' <Predicate = (!tmp_i)> <Delay = 0.00>
ST_6 : Operation 76 [1/1] (0.00ns)   --->   "%m_cast_i = zext i14 %tmp_V_4 to i32" [firmware/nnet_utils/nnet_activation.h:187->firmware/nnet_utils/nnet_activation.h:203]   --->   Operation 76 'zext' 'm_cast_i' <Predicate = (!tmp_i)> <Delay = 0.00>
ST_6 : Operation 77 [1/1] (2.47ns)   --->   "%tmp_10_i = icmp sgt i32 %lsb_index, 0" [firmware/nnet_utils/nnet_activation.h:187->firmware/nnet_utils/nnet_activation.h:203]   --->   Operation 77 'icmp' 'tmp_10_i' <Predicate = (!tmp_i)> <Delay = 2.47> <Core = "Cmp">   --->   Core 25 'Cmp' <Latency = 0> <II = 1> <Delay = 1.99> <FuncUnit> <Opcode : 'icmp'> <InPorts = 2> <OutPorts = 1>
ST_6 : Operation 78 [2/2] (3.60ns)   --->   "%tmp_13_i = lshr i32 %m_cast_i, %tmp_11_i" [firmware/nnet_utils/nnet_activation.h:187->firmware/nnet_utils/nnet_activation.h:203]   --->   Operation 78 'lshr' 'tmp_13_i' <Predicate = (!tmp_i)> <Delay = 3.60> <Core = "ShiftnS">   --->   Core 29 'ShiftnS' <Latency = 1> <II = 1> <Delay = 3.88> <FuncUnit> <Opcode : 'shl' 'lshr' 'ashr'> <InPorts = 2> <OutPorts = 1>
ST_6 : Operation 79 [1/1] (0.00ns)   --->   "%tmp_15_i = zext i32 %tmp_14_i to i64" [firmware/nnet_utils/nnet_activation.h:187->firmware/nnet_utils/nnet_activation.h:203]   --->   Operation 79 'zext' 'tmp_15_i' <Predicate = (!tmp_i)> <Delay = 0.00>
ST_6 : Operation 80 [2/2] (3.60ns)   --->   "%tmp_16_i = shl i64 %m, %tmp_15_i" [firmware/nnet_utils/nnet_activation.h:187->firmware/nnet_utils/nnet_activation.h:203]   --->   Operation 80 'shl' 'tmp_16_i' <Predicate = (!tmp_i)> <Delay = 3.60> <Core = "ShiftnS">   --->   Core 29 'ShiftnS' <Latency = 1> <II = 1> <Delay = 3.88> <FuncUnit> <Opcode : 'shl' 'lshr' 'ashr'> <InPorts = 2> <OutPorts = 1>

State 7 <SV = 6> <Delay = 3.60>
ST_7 : Operation 81 [1/2] (3.60ns)   --->   "%tmp_13_i = lshr i32 %m_cast_i, %tmp_11_i" [firmware/nnet_utils/nnet_activation.h:187->firmware/nnet_utils/nnet_activation.h:203]   --->   Operation 81 'lshr' 'tmp_13_i' <Predicate = (!tmp_i)> <Delay = 3.60> <Core = "ShiftnS">   --->   Core 29 'ShiftnS' <Latency = 1> <II = 1> <Delay = 3.88> <FuncUnit> <Opcode : 'shl' 'lshr' 'ashr'> <InPorts = 2> <OutPorts = 1>
ST_7 : Operation 82 [1/2] (3.60ns)   --->   "%tmp_16_i = shl i64 %m, %tmp_15_i" [firmware/nnet_utils/nnet_activation.h:187->firmware/nnet_utils/nnet_activation.h:203]   --->   Operation 82 'shl' 'tmp_16_i' <Predicate = (!tmp_i)> <Delay = 3.60> <Core = "ShiftnS">   --->   Core 29 'ShiftnS' <Latency = 1> <II = 1> <Delay = 3.88> <FuncUnit> <Opcode : 'shl' 'lshr' 'ashr'> <InPorts = 2> <OutPorts = 1>

State 8 <SV = 7> <Delay = 3.52>
ST_8 : Operation 83 [1/1] (0.00ns) (grouped into LUT with out node m_2)   --->   "%tmp_13_cast_i = zext i32 %tmp_13_i to i64" [firmware/nnet_utils/nnet_activation.h:187->firmware/nnet_utils/nnet_activation.h:203]   --->   Operation 83 'zext' 'tmp_13_cast_i' <Predicate = (tmp_10_i & !tmp_i)> <Delay = 0.00>
ST_8 : Operation 84 [1/1] (0.00ns) (grouped into LUT with out node m_2)   --->   "%m_1 = select i1 %tmp_10_i, i64 %tmp_13_cast_i, i64 %tmp_16_i" [firmware/nnet_utils/nnet_activation.h:187->firmware/nnet_utils/nnet_activation.h:203]   --->   Operation 84 'select' 'm_1' <Predicate = (!tmp_i)> <Delay = 0.00> <Core = "Sel">   --->   Core 26 'Sel' <Latency = 0> <II = 1> <Delay = 0.75> <FuncUnit> <Opcode : 'select'> <InPorts = 3> <OutPorts = 1>
ST_8 : Operation 85 [1/1] (0.00ns) (grouped into LUT with out node m_2)   --->   "%tmp_17_i = zext i32 %tmp_6_i to i64" [firmware/nnet_utils/nnet_activation.h:187->firmware/nnet_utils/nnet_activation.h:203]   --->   Operation 85 'zext' 'tmp_17_i' <Predicate = (!tmp_i)> <Delay = 0.00>
ST_8 : Operation 86 [1/1] (3.52ns) (out node of the LUT)   --->   "%m_2 = add i64 %m_1, %tmp_17_i" [firmware/nnet_utils/nnet_activation.h:187->firmware/nnet_utils/nnet_activation.h:203]   --->   Operation 86 'add' 'm_2' <Predicate = (!tmp_i)> <Delay = 3.52> <Core = "AddSub">   --->   Core 14 'AddSub' <Latency = 0> <II = 1> <Delay = 1.54> <FuncUnit> <Opcode : 'add' 'sub'> <InPorts = 2> <OutPorts = 1>
ST_8 : Operation 87 [1/1] (0.00ns)   --->   "%m_5 = call i63 @_ssdm_op_PartSelect.i63.i64.i32.i32(i64 %m_2, i32 1, i32 63)" [firmware/nnet_utils/nnet_activation.h:187->firmware/nnet_utils/nnet_activation.h:203]   --->   Operation 87 'partselect' 'm_5' <Predicate = (!tmp_i)> <Delay = 0.00>
ST_8 : Operation 88 [1/1] (0.00ns)   --->   "%tmp_61 = call i1 @_ssdm_op_BitSelect.i1.i64.i32(i64 %m_2, i32 25)" [firmware/nnet_utils/nnet_activation.h:187->firmware/nnet_utils/nnet_activation.h:203]   --->   Operation 88 'bitselect' 'tmp_61' <Predicate = (!tmp_i)> <Delay = 0.00>

State 9 <SV = 8> <Delay = 1.24>
ST_9 : Operation 89 [1/1] (1.24ns)   --->   "%tmp_23_cast_i_cast_c = select i1 %tmp_61, i8 127, i8 126" [firmware/nnet_utils/nnet_activation.h:187->firmware/nnet_utils/nnet_activation.h:203]   --->   Operation 89 'select' 'tmp_23_cast_i_cast_c' <Predicate = (!tmp_i)> <Delay = 1.24> <Core = "Sel">   --->   Core 26 'Sel' <Latency = 0> <II = 1> <Delay = 0.75> <FuncUnit> <Opcode : 'select'> <InPorts = 3> <OutPorts = 1>

State 10 <SV = 9> <Delay = 4.36>
ST_10 : Operation 90 [1/1] (0.00ns)   --->   "%m_6 = zext i63 %m_5 to i64" [firmware/nnet_utils/nnet_activation.h:187->firmware/nnet_utils/nnet_activation.h:203]   --->   Operation 90 'zext' 'm_6' <Predicate = (!tmp_i)> <Delay = 0.00>
ST_10 : Operation 91 [1/1] (0.00ns) (grouped into TernaryAdder)   --->   "%tmp_19_i = sub i8 12, %tmp_62" [firmware/nnet_utils/nnet_activation.h:187->firmware/nnet_utils/nnet_activation.h:203]   --->   Operation 91 'sub' 'tmp_19_i' <Predicate = (!tmp_i)> <Delay = 0.00> <Core = "TAddSub">   --->   Core 84 'TAddSub' <Latency = 0> <II = 1> <Delay = 1.83> <IPBlock> <Opcode : 'add' 'sub'> <InPorts = 3> <OutPorts = 1> <Sync> <CReg>
ST_10 : Operation 92 [1/1] (3.66ns) (root node of TernaryAdder)   --->   "%p_Repl2_3_trunc_i = add i8 %tmp_23_cast_i_cast_c, %tmp_19_i" [firmware/nnet_utils/nnet_activation.h:187->firmware/nnet_utils/nnet_activation.h:203]   --->   Operation 92 'add' 'p_Repl2_3_trunc_i' <Predicate = (!tmp_i)> <Delay = 3.66> <Core = "TAddSub">   --->   Core 84 'TAddSub' <Latency = 0> <II = 1> <Delay = 1.83> <IPBlock> <Opcode : 'add' 'sub'> <InPorts = 3> <OutPorts = 1> <Sync> <CReg>
ST_10 : Operation 93 [1/1] (0.00ns)   --->   "%tmp_21_i = call i9 @_ssdm_op_BitConcatenate.i9.i1.i8(i1 %p_Result_18, i8 %p_Repl2_3_trunc_i) nounwind" [firmware/nnet_utils/nnet_activation.h:187->firmware/nnet_utils/nnet_activation.h:203]   --->   Operation 93 'bitconcatenate' 'tmp_21_i' <Predicate = (!tmp_i)> <Delay = 0.00>
ST_10 : Operation 94 [1/1] (0.00ns)   --->   "%p_Result_20 = call i64 @_ssdm_op_PartSet.i64.i64.i9.i32.i32(i64 %m_6, i9 %tmp_21_i, i32 23, i32 31) nounwind" [firmware/nnet_utils/nnet_activation.h:187->firmware/nnet_utils/nnet_activation.h:203]   --->   Operation 94 'partset' 'p_Result_20' <Predicate = (!tmp_i)> <Delay = 0.00>
ST_10 : Operation 95 [1/1] (0.00ns)   --->   "%tmp_63 = trunc i64 %p_Result_20 to i32" [firmware/nnet_utils/nnet_activation.h:187->firmware/nnet_utils/nnet_activation.h:203]   --->   Operation 95 'trunc' 'tmp_63' <Predicate = (!tmp_i)> <Delay = 0.00>
ST_10 : Operation 96 [1/1] (0.00ns)   --->   "%tmp_20_i = bitcast i32 %tmp_63 to float" [firmware/nnet_utils/nnet_activation.h:187->firmware/nnet_utils/nnet_activation.h:203]   --->   Operation 96 'bitcast' 'tmp_20_i' <Predicate = (!tmp_i)> <Delay = 0.00>
ST_10 : Operation 97 [1/1] (0.69ns)   --->   "%x = select i1 %tmp_i, float 0.000000e+00, float %tmp_20_i" [firmware/nnet_utils/nnet_activation.h:187->firmware/nnet_utils/nnet_activation.h:203]   --->   Operation 97 'select' 'x' <Predicate = true> <Delay = 0.69> <Core = "Sel">   --->   Core 26 'Sel' <Latency = 0> <II = 1> <Delay = 0.75> <FuncUnit> <Opcode : 'select'> <InPorts = 3> <OutPorts = 1>

State 11 <SV = 10> <Delay = 4.35>
ST_11 : Operation 98 [18/18] (4.35ns)   --->   "%v_assign = call float @llvm.exp.f32(float %x) nounwind" [/home/filipe/Xilinx/Vivado/2018.3/lnx64/tools/gcc/lib/gcc/x86_64-unknown-linux-gnu/4.6.3/../../../../include/c++/4.6.3/cmath:217->firmware/nnet_utils/nnet_activation.h:178->firmware/nnet_utils/nnet_activation.h:204]   --->   Operation 98 'fexp' 'v_assign' <Predicate = true> <Delay = 4.35> <Core = "FExp">   --->   Core 126 'FExp' <Latency = 17> <II = 1> <Delay = 4.35> <FuncUnit> <Opcode : 'fexp'> <InPorts = 1> <OutPorts = 1>

State 12 <SV = 11> <Delay = 4.35>
ST_12 : Operation 99 [17/18] (4.35ns)   --->   "%v_assign = call float @llvm.exp.f32(float %x) nounwind" [/home/filipe/Xilinx/Vivado/2018.3/lnx64/tools/gcc/lib/gcc/x86_64-unknown-linux-gnu/4.6.3/../../../../include/c++/4.6.3/cmath:217->firmware/nnet_utils/nnet_activation.h:178->firmware/nnet_utils/nnet_activation.h:204]   --->   Operation 99 'fexp' 'v_assign' <Predicate = true> <Delay = 4.35> <Core = "FExp">   --->   Core 126 'FExp' <Latency = 17> <II = 1> <Delay = 4.35> <FuncUnit> <Opcode : 'fexp'> <InPorts = 1> <OutPorts = 1>

State 13 <SV = 12> <Delay = 4.35>
ST_13 : Operation 100 [16/18] (4.35ns)   --->   "%v_assign = call float @llvm.exp.f32(float %x) nounwind" [/home/filipe/Xilinx/Vivado/2018.3/lnx64/tools/gcc/lib/gcc/x86_64-unknown-linux-gnu/4.6.3/../../../../include/c++/4.6.3/cmath:217->firmware/nnet_utils/nnet_activation.h:178->firmware/nnet_utils/nnet_activation.h:204]   --->   Operation 100 'fexp' 'v_assign' <Predicate = true> <Delay = 4.35> <Core = "FExp">   --->   Core 126 'FExp' <Latency = 17> <II = 1> <Delay = 4.35> <FuncUnit> <Opcode : 'fexp'> <InPorts = 1> <OutPorts = 1>

State 14 <SV = 13> <Delay = 4.35>
ST_14 : Operation 101 [15/18] (4.35ns)   --->   "%v_assign = call float @llvm.exp.f32(float %x) nounwind" [/home/filipe/Xilinx/Vivado/2018.3/lnx64/tools/gcc/lib/gcc/x86_64-unknown-linux-gnu/4.6.3/../../../../include/c++/4.6.3/cmath:217->firmware/nnet_utils/nnet_activation.h:178->firmware/nnet_utils/nnet_activation.h:204]   --->   Operation 101 'fexp' 'v_assign' <Predicate = true> <Delay = 4.35> <Core = "FExp">   --->   Core 126 'FExp' <Latency = 17> <II = 1> <Delay = 4.35> <FuncUnit> <Opcode : 'fexp'> <InPorts = 1> <OutPorts = 1>

State 15 <SV = 14> <Delay = 4.35>
ST_15 : Operation 102 [14/18] (4.35ns)   --->   "%v_assign = call float @llvm.exp.f32(float %x) nounwind" [/home/filipe/Xilinx/Vivado/2018.3/lnx64/tools/gcc/lib/gcc/x86_64-unknown-linux-gnu/4.6.3/../../../../include/c++/4.6.3/cmath:217->firmware/nnet_utils/nnet_activation.h:178->firmware/nnet_utils/nnet_activation.h:204]   --->   Operation 102 'fexp' 'v_assign' <Predicate = true> <Delay = 4.35> <Core = "FExp">   --->   Core 126 'FExp' <Latency = 17> <II = 1> <Delay = 4.35> <FuncUnit> <Opcode : 'fexp'> <InPorts = 1> <OutPorts = 1>

State 16 <SV = 15> <Delay = 4.35>
ST_16 : Operation 103 [13/18] (4.35ns)   --->   "%v_assign = call float @llvm.exp.f32(float %x) nounwind" [/home/filipe/Xilinx/Vivado/2018.3/lnx64/tools/gcc/lib/gcc/x86_64-unknown-linux-gnu/4.6.3/../../../../include/c++/4.6.3/cmath:217->firmware/nnet_utils/nnet_activation.h:178->firmware/nnet_utils/nnet_activation.h:204]   --->   Operation 103 'fexp' 'v_assign' <Predicate = true> <Delay = 4.35> <Core = "FExp">   --->   Core 126 'FExp' <Latency = 17> <II = 1> <Delay = 4.35> <FuncUnit> <Opcode : 'fexp'> <InPorts = 1> <OutPorts = 1>

State 17 <SV = 16> <Delay = 4.35>
ST_17 : Operation 104 [12/18] (4.35ns)   --->   "%v_assign = call float @llvm.exp.f32(float %x) nounwind" [/home/filipe/Xilinx/Vivado/2018.3/lnx64/tools/gcc/lib/gcc/x86_64-unknown-linux-gnu/4.6.3/../../../../include/c++/4.6.3/cmath:217->firmware/nnet_utils/nnet_activation.h:178->firmware/nnet_utils/nnet_activation.h:204]   --->   Operation 104 'fexp' 'v_assign' <Predicate = true> <Delay = 4.35> <Core = "FExp">   --->   Core 126 'FExp' <Latency = 17> <II = 1> <Delay = 4.35> <FuncUnit> <Opcode : 'fexp'> <InPorts = 1> <OutPorts = 1>

State 18 <SV = 17> <Delay = 4.35>
ST_18 : Operation 105 [11/18] (4.35ns)   --->   "%v_assign = call float @llvm.exp.f32(float %x) nounwind" [/home/filipe/Xilinx/Vivado/2018.3/lnx64/tools/gcc/lib/gcc/x86_64-unknown-linux-gnu/4.6.3/../../../../include/c++/4.6.3/cmath:217->firmware/nnet_utils/nnet_activation.h:178->firmware/nnet_utils/nnet_activation.h:204]   --->   Operation 105 'fexp' 'v_assign' <Predicate = true> <Delay = 4.35> <Core = "FExp">   --->   Core 126 'FExp' <Latency = 17> <II = 1> <Delay = 4.35> <FuncUnit> <Opcode : 'fexp'> <InPorts = 1> <OutPorts = 1>

State 19 <SV = 18> <Delay = 4.35>
ST_19 : Operation 106 [10/18] (4.35ns)   --->   "%v_assign = call float @llvm.exp.f32(float %x) nounwind" [/home/filipe/Xilinx/Vivado/2018.3/lnx64/tools/gcc/lib/gcc/x86_64-unknown-linux-gnu/4.6.3/../../../../include/c++/4.6.3/cmath:217->firmware/nnet_utils/nnet_activation.h:178->firmware/nnet_utils/nnet_activation.h:204]   --->   Operation 106 'fexp' 'v_assign' <Predicate = true> <Delay = 4.35> <Core = "FExp">   --->   Core 126 'FExp' <Latency = 17> <II = 1> <Delay = 4.35> <FuncUnit> <Opcode : 'fexp'> <InPorts = 1> <OutPorts = 1>

State 20 <SV = 19> <Delay = 4.35>
ST_20 : Operation 107 [9/18] (4.35ns)   --->   "%v_assign = call float @llvm.exp.f32(float %x) nounwind" [/home/filipe/Xilinx/Vivado/2018.3/lnx64/tools/gcc/lib/gcc/x86_64-unknown-linux-gnu/4.6.3/../../../../include/c++/4.6.3/cmath:217->firmware/nnet_utils/nnet_activation.h:178->firmware/nnet_utils/nnet_activation.h:204]   --->   Operation 107 'fexp' 'v_assign' <Predicate = true> <Delay = 4.35> <Core = "FExp">   --->   Core 126 'FExp' <Latency = 17> <II = 1> <Delay = 4.35> <FuncUnit> <Opcode : 'fexp'> <InPorts = 1> <OutPorts = 1>

State 21 <SV = 20> <Delay = 4.35>
ST_21 : Operation 108 [8/18] (4.35ns)   --->   "%v_assign = call float @llvm.exp.f32(float %x) nounwind" [/home/filipe/Xilinx/Vivado/2018.3/lnx64/tools/gcc/lib/gcc/x86_64-unknown-linux-gnu/4.6.3/../../../../include/c++/4.6.3/cmath:217->firmware/nnet_utils/nnet_activation.h:178->firmware/nnet_utils/nnet_activation.h:204]   --->   Operation 108 'fexp' 'v_assign' <Predicate = true> <Delay = 4.35> <Core = "FExp">   --->   Core 126 'FExp' <Latency = 17> <II = 1> <Delay = 4.35> <FuncUnit> <Opcode : 'fexp'> <InPorts = 1> <OutPorts = 1>

State 22 <SV = 21> <Delay = 4.35>
ST_22 : Operation 109 [7/18] (4.35ns)   --->   "%v_assign = call float @llvm.exp.f32(float %x) nounwind" [/home/filipe/Xilinx/Vivado/2018.3/lnx64/tools/gcc/lib/gcc/x86_64-unknown-linux-gnu/4.6.3/../../../../include/c++/4.6.3/cmath:217->firmware/nnet_utils/nnet_activation.h:178->firmware/nnet_utils/nnet_activation.h:204]   --->   Operation 109 'fexp' 'v_assign' <Predicate = true> <Delay = 4.35> <Core = "FExp">   --->   Core 126 'FExp' <Latency = 17> <II = 1> <Delay = 4.35> <FuncUnit> <Opcode : 'fexp'> <InPorts = 1> <OutPorts = 1>

State 23 <SV = 22> <Delay = 4.35>
ST_23 : Operation 110 [6/18] (4.35ns)   --->   "%v_assign = call float @llvm.exp.f32(float %x) nounwind" [/home/filipe/Xilinx/Vivado/2018.3/lnx64/tools/gcc/lib/gcc/x86_64-unknown-linux-gnu/4.6.3/../../../../include/c++/4.6.3/cmath:217->firmware/nnet_utils/nnet_activation.h:178->firmware/nnet_utils/nnet_activation.h:204]   --->   Operation 110 'fexp' 'v_assign' <Predicate = true> <Delay = 4.35> <Core = "FExp">   --->   Core 126 'FExp' <Latency = 17> <II = 1> <Delay = 4.35> <FuncUnit> <Opcode : 'fexp'> <InPorts = 1> <OutPorts = 1>

State 24 <SV = 23> <Delay = 4.35>
ST_24 : Operation 111 [5/18] (4.35ns)   --->   "%v_assign = call float @llvm.exp.f32(float %x) nounwind" [/home/filipe/Xilinx/Vivado/2018.3/lnx64/tools/gcc/lib/gcc/x86_64-unknown-linux-gnu/4.6.3/../../../../include/c++/4.6.3/cmath:217->firmware/nnet_utils/nnet_activation.h:178->firmware/nnet_utils/nnet_activation.h:204]   --->   Operation 111 'fexp' 'v_assign' <Predicate = true> <Delay = 4.35> <Core = "FExp">   --->   Core 126 'FExp' <Latency = 17> <II = 1> <Delay = 4.35> <FuncUnit> <Opcode : 'fexp'> <InPorts = 1> <OutPorts = 1>

State 25 <SV = 24> <Delay = 4.35>
ST_25 : Operation 112 [4/18] (4.35ns)   --->   "%v_assign = call float @llvm.exp.f32(float %x) nounwind" [/home/filipe/Xilinx/Vivado/2018.3/lnx64/tools/gcc/lib/gcc/x86_64-unknown-linux-gnu/4.6.3/../../../../include/c++/4.6.3/cmath:217->firmware/nnet_utils/nnet_activation.h:178->firmware/nnet_utils/nnet_activation.h:204]   --->   Operation 112 'fexp' 'v_assign' <Predicate = true> <Delay = 4.35> <Core = "FExp">   --->   Core 126 'FExp' <Latency = 17> <II = 1> <Delay = 4.35> <FuncUnit> <Opcode : 'fexp'> <InPorts = 1> <OutPorts = 1>

State 26 <SV = 25> <Delay = 4.35>
ST_26 : Operation 113 [3/18] (4.35ns)   --->   "%v_assign = call float @llvm.exp.f32(float %x) nounwind" [/home/filipe/Xilinx/Vivado/2018.3/lnx64/tools/gcc/lib/gcc/x86_64-unknown-linux-gnu/4.6.3/../../../../include/c++/4.6.3/cmath:217->firmware/nnet_utils/nnet_activation.h:178->firmware/nnet_utils/nnet_activation.h:204]   --->   Operation 113 'fexp' 'v_assign' <Predicate = true> <Delay = 4.35> <Core = "FExp">   --->   Core 126 'FExp' <Latency = 17> <II = 1> <Delay = 4.35> <FuncUnit> <Opcode : 'fexp'> <InPorts = 1> <OutPorts = 1>

State 27 <SV = 26> <Delay = 4.35>
ST_27 : Operation 114 [2/18] (4.35ns)   --->   "%v_assign = call float @llvm.exp.f32(float %x) nounwind" [/home/filipe/Xilinx/Vivado/2018.3/lnx64/tools/gcc/lib/gcc/x86_64-unknown-linux-gnu/4.6.3/../../../../include/c++/4.6.3/cmath:217->firmware/nnet_utils/nnet_activation.h:178->firmware/nnet_utils/nnet_activation.h:204]   --->   Operation 114 'fexp' 'v_assign' <Predicate = true> <Delay = 4.35> <Core = "FExp">   --->   Core 126 'FExp' <Latency = 17> <II = 1> <Delay = 4.35> <FuncUnit> <Opcode : 'fexp'> <InPorts = 1> <OutPorts = 1>

State 28 <SV = 27> <Delay = 4.35>
ST_28 : Operation 115 [1/18] (4.35ns)   --->   "%v_assign = call float @llvm.exp.f32(float %x) nounwind" [/home/filipe/Xilinx/Vivado/2018.3/lnx64/tools/gcc/lib/gcc/x86_64-unknown-linux-gnu/4.6.3/../../../../include/c++/4.6.3/cmath:217->firmware/nnet_utils/nnet_activation.h:178->firmware/nnet_utils/nnet_activation.h:204]   --->   Operation 115 'fexp' 'v_assign' <Predicate = true> <Delay = 4.35> <Core = "FExp">   --->   Core 126 'FExp' <Latency = 17> <II = 1> <Delay = 4.35> <FuncUnit> <Opcode : 'fexp'> <InPorts = 1> <OutPorts = 1>

State 29 <SV = 28> <Delay = 3.69>
ST_29 : Operation 116 [3/3] (3.69ns)   --->   "%d_assign = fpext float %v_assign to double" [firmware/nnet_utils/nnet_activation.h:204]   --->   Operation 116 'fpext' 'd_assign' <Predicate = true> <Delay = 3.69> <Core = "Float2Double">   --->   Core 113 'Float2Double' <Latency = 2> <II = 1> <Delay = 3.69> <FuncUnit> <Opcode : 'fpext'> <InPorts = 1> <OutPorts = 1>

State 30 <SV = 29> <Delay = 3.69>
ST_30 : Operation 117 [2/3] (3.69ns)   --->   "%d_assign = fpext float %v_assign to double" [firmware/nnet_utils/nnet_activation.h:204]   --->   Operation 117 'fpext' 'd_assign' <Predicate = true> <Delay = 3.69> <Core = "Float2Double">   --->   Core 113 'Float2Double' <Latency = 2> <II = 1> <Delay = 3.69> <FuncUnit> <Opcode : 'fpext'> <InPorts = 1> <OutPorts = 1>

State 31 <SV = 30> <Delay = 3.69>
ST_31 : Operation 118 [1/3] (3.69ns)   --->   "%d_assign = fpext float %v_assign to double" [firmware/nnet_utils/nnet_activation.h:204]   --->   Operation 118 'fpext' 'd_assign' <Predicate = true> <Delay = 3.69> <Core = "Float2Double">   --->   Core 113 'Float2Double' <Latency = 2> <II = 1> <Delay = 3.69> <FuncUnit> <Opcode : 'fpext'> <InPorts = 1> <OutPorts = 1>
ST_31 : Operation 119 [1/1] (0.00ns)   --->   "%ireg_V = bitcast double %d_assign to i64" [firmware/nnet_utils/nnet_activation.h:204]   --->   Operation 119 'bitcast' 'ireg_V' <Predicate = true> <Delay = 0.00>
ST_31 : Operation 120 [1/1] (0.00ns)   --->   "%tmp_64 = trunc i64 %ireg_V to i63" [firmware/nnet_utils/nnet_activation.h:204]   --->   Operation 120 'trunc' 'tmp_64' <Predicate = true> <Delay = 0.00>
ST_31 : Operation 121 [1/1] (0.00ns)   --->   "%p_Result_21 = call i1 @_ssdm_op_BitSelect.i1.i64.i32(i64 %ireg_V, i32 63)" [firmware/nnet_utils/nnet_activation.h:204]   --->   Operation 121 'bitselect' 'p_Result_21' <Predicate = true> <Delay = 0.00>
ST_31 : Operation 122 [1/1] (0.00ns)   --->   "%exp_tmp_V = call i11 @_ssdm_op_PartSelect.i11.i64.i32.i32(i64 %ireg_V, i32 52, i32 62)" [firmware/nnet_utils/nnet_activation.h:204]   --->   Operation 122 'partselect' 'exp_tmp_V' <Predicate = true> <Delay = 0.00>
ST_31 : Operation 123 [1/1] (0.00ns)   --->   "%tmp_66 = trunc i64 %ireg_V to i52" [firmware/nnet_utils/nnet_activation.h:204]   --->   Operation 123 'trunc' 'tmp_66' <Predicate = true> <Delay = 0.00>

State 32 <SV = 31> <Delay = 4.23>
ST_32 : Operation 124 [1/1] (0.00ns)   --->   "%tmp_s = zext i11 %exp_tmp_V to i12" [firmware/nnet_utils/nnet_activation.h:204]   --->   Operation 124 'zext' 'tmp_s' <Predicate = true> <Delay = 0.00>
ST_32 : Operation 125 [1/1] (0.00ns)   --->   "%tmp_27 = call i53 @_ssdm_op_BitConcatenate.i53.i1.i52(i1 true, i52 %tmp_66)" [firmware/nnet_utils/nnet_activation.h:204]   --->   Operation 125 'bitconcatenate' 'tmp_27' <Predicate = true> <Delay = 0.00>
ST_32 : Operation 126 [1/1] (0.00ns)   --->   "%p_Result_22 = zext i53 %tmp_27 to i54" [firmware/nnet_utils/nnet_activation.h:204]   --->   Operation 126 'zext' 'p_Result_22' <Predicate = true> <Delay = 0.00>
ST_32 : Operation 127 [1/1] (3.23ns)   --->   "%man_V_1 = sub i54 0, %p_Result_22" [firmware/nnet_utils/nnet_activation.h:204]   --->   Operation 127 'sub' 'man_V_1' <Predicate = (p_Result_21)> <Delay = 3.23> <Core = "AddSub">   --->   Core 14 'AddSub' <Latency = 0> <II = 1> <Delay = 1.54> <FuncUnit> <Opcode : 'add' 'sub'> <InPorts = 2> <OutPorts = 1>
ST_32 : Operation 128 [1/1] (0.94ns)   --->   "%man_V_2 = select i1 %p_Result_21, i54 %man_V_1, i54 %p_Result_22" [firmware/nnet_utils/nnet_activation.h:204]   --->   Operation 128 'select' 'man_V_2' <Predicate = true> <Delay = 0.94> <Core = "Sel">   --->   Core 26 'Sel' <Latency = 0> <II = 1> <Delay = 0.75> <FuncUnit> <Opcode : 'select'> <InPorts = 3> <OutPorts = 1>
ST_32 : Operation 129 [1/1] (2.78ns)   --->   "%tmp_38 = icmp eq i63 %tmp_64, 0" [firmware/nnet_utils/nnet_activation.h:204]   --->   Operation 129 'icmp' 'tmp_38' <Predicate = true> <Delay = 2.78> <Core = "Cmp">   --->   Core 25 'Cmp' <Latency = 0> <II = 1> <Delay = 1.99> <FuncUnit> <Opcode : 'icmp'> <InPorts = 2> <OutPorts = 1>
ST_32 : Operation 130 [1/1] (1.54ns)   --->   "%F2 = sub i12 1075, %tmp_s" [firmware/nnet_utils/nnet_activation.h:204]   --->   Operation 130 'sub' 'F2' <Predicate = true> <Delay = 1.54> <Core = "AddSub">   --->   Core 14 'AddSub' <Latency = 0> <II = 1> <Delay = 1.54> <FuncUnit> <Opcode : 'add' 'sub'> <InPorts = 2> <OutPorts = 1>
ST_32 : Operation 131 [1/1] (1.99ns)   --->   "%tmp_39 = icmp sgt i12 %F2, 10" [firmware/nnet_utils/nnet_activation.h:204]   --->   Operation 131 'icmp' 'tmp_39' <Predicate = true> <Delay = 1.99> <Core = "Cmp">   --->   Core 25 'Cmp' <Latency = 0> <II = 1> <Delay = 1.99> <FuncUnit> <Opcode : 'icmp'> <InPorts = 2> <OutPorts = 1>
ST_32 : Operation 132 [1/1] (1.54ns)   --->   "%tmp_40 = add i12 %F2, -10" [firmware/nnet_utils/nnet_activation.h:204]   --->   Operation 132 'add' 'tmp_40' <Predicate = true> <Delay = 1.54> <Core = "AddSub">   --->   Core 14 'AddSub' <Latency = 0> <II = 1> <Delay = 1.54> <FuncUnit> <Opcode : 'add' 'sub'> <InPorts = 2> <OutPorts = 1>
ST_32 : Operation 133 [1/1] (1.54ns)   --->   "%tmp_41 = sub i12 10, %F2" [firmware/nnet_utils/nnet_activation.h:204]   --->   Operation 133 'sub' 'tmp_41' <Predicate = true> <Delay = 1.54> <Core = "AddSub">   --->   Core 14 'AddSub' <Latency = 0> <II = 1> <Delay = 1.54> <FuncUnit> <Opcode : 'add' 'sub'> <InPorts = 2> <OutPorts = 1>
ST_32 : Operation 134 [1/1] (0.69ns)   --->   "%sh_amt = select i1 %tmp_39, i12 %tmp_40, i12 %tmp_41" [firmware/nnet_utils/nnet_activation.h:204]   --->   Operation 134 'select' 'sh_amt' <Predicate = true> <Delay = 0.69> <Core = "Sel">   --->   Core 26 'Sel' <Latency = 0> <II = 1> <Delay = 0.75> <FuncUnit> <Opcode : 'select'> <InPorts = 3> <OutPorts = 1>
ST_32 : Operation 135 [1/1] (1.99ns)   --->   "%tmp_42 = icmp eq i12 %F2, 10" [firmware/nnet_utils/nnet_activation.h:204]   --->   Operation 135 'icmp' 'tmp_42' <Predicate = true> <Delay = 1.99> <Core = "Cmp">   --->   Core 25 'Cmp' <Latency = 0> <II = 1> <Delay = 1.99> <FuncUnit> <Opcode : 'icmp'> <InPorts = 2> <OutPorts = 1>
ST_32 : Operation 136 [1/1] (0.00ns)   --->   "%tmp_67 = trunc i54 %man_V_2 to i18" [firmware/nnet_utils/nnet_activation.h:204]   --->   Operation 136 'trunc' 'tmp_67' <Predicate = true> <Delay = 0.00>

State 33 <SV = 32> <Delay = 3.96>
ST_33 : Operation 137 [1/1] (0.00ns)   --->   "%sh_amt_cast = sext i12 %sh_amt to i32" [firmware/nnet_utils/nnet_activation.h:204]   --->   Operation 137 'sext' 'sh_amt_cast' <Predicate = true> <Delay = 0.00>
ST_33 : Operation 138 [1/1] (1.99ns)   --->   "%tmp_43 = icmp ult i12 %sh_amt, 54" [firmware/nnet_utils/nnet_activation.h:204]   --->   Operation 138 'icmp' 'tmp_43' <Predicate = true> <Delay = 1.99> <Core = "Cmp">   --->   Core 25 'Cmp' <Latency = 0> <II = 1> <Delay = 1.99> <FuncUnit> <Opcode : 'icmp'> <InPorts = 2> <OutPorts = 1>
ST_33 : Operation 139 [1/1] (1.99ns)   --->   "%tmp_45 = icmp ult i12 %sh_amt, 18" [firmware/nnet_utils/nnet_activation.h:204]   --->   Operation 139 'icmp' 'tmp_45' <Predicate = true> <Delay = 1.99> <Core = "Cmp">   --->   Core 25 'Cmp' <Latency = 0> <II = 1> <Delay = 1.99> <FuncUnit> <Opcode : 'icmp'> <InPorts = 2> <OutPorts = 1>
ST_33 : Operation 140 [1/1] (0.00ns)   --->   "%tmp_46 = zext i32 %sh_amt_cast to i54" [firmware/nnet_utils/nnet_activation.h:204]   --->   Operation 140 'zext' 'tmp_46' <Predicate = true> <Delay = 0.00>
ST_33 : Operation 141 [2/2] (3.88ns)   --->   "%tmp_47 = ashr i54 %man_V_2, %tmp_46" [firmware/nnet_utils/nnet_activation.h:204]   --->   Operation 141 'ashr' 'tmp_47' <Predicate = true> <Delay = 3.88> <Core = "ShiftnS">   --->   Core 29 'ShiftnS' <Latency = 1> <II = 1> <Delay = 3.88> <FuncUnit> <Opcode : 'shl' 'lshr' 'ashr'> <InPorts = 2> <OutPorts = 1>
ST_33 : Operation 142 [1/1] (0.00ns) (grouped into LUT with out node newSel1)   --->   "%ireg_V_to_int = bitcast float %v_assign to i32" [firmware/nnet_utils/nnet_activation.h:204]   --->   Operation 142 'bitcast' 'ireg_V_to_int' <Predicate = true> <Delay = 0.00>
ST_33 : Operation 143 [1/1] (0.00ns) (grouped into LUT with out node newSel1)   --->   "%tmp_69 = call i1 @_ssdm_op_BitSelect.i1.i32.i32(i32 %ireg_V_to_int, i32 31)" [firmware/nnet_utils/nnet_activation.h:204]   --->   Operation 143 'bitselect' 'tmp_69' <Predicate = true> <Delay = 0.00>
ST_33 : Operation 144 [1/1] (0.00ns) (grouped into LUT with out node newSel1)   --->   "%tmp_48 = select i1 %tmp_69, i18 -1, i18 0" [firmware/nnet_utils/nnet_activation.h:204]   --->   Operation 144 'select' 'tmp_48' <Predicate = true> <Delay = 0.00> <Core = "Sel">   --->   Core 26 'Sel' <Latency = 0> <II = 1> <Delay = 0.75> <FuncUnit> <Opcode : 'select'> <InPorts = 3> <OutPorts = 1>
ST_33 : Operation 145 [1/1] (0.97ns)   --->   "%sel_tmp6_demorgan = or i1 %tmp_38, %tmp_42" [firmware/nnet_utils/nnet_activation.h:204]   --->   Operation 145 'or' 'sel_tmp6_demorgan' <Predicate = true> <Delay = 0.97> <Core = "LogicGate">   --->   Core 27 'LogicGate' <Latency = 0> <II = 1> <Delay = 0.97> <FuncUnit> <Opcode : 'and' 'or' 'xor'> <InPorts = 2> <OutPorts = 1>
ST_33 : Operation 146 [1/1] (0.00ns) (grouped into LUT with out node sel_tmp7)   --->   "%sel_tmp6 = xor i1 %sel_tmp6_demorgan, true" [firmware/nnet_utils/nnet_activation.h:204]   --->   Operation 146 'xor' 'sel_tmp6' <Predicate = true> <Delay = 0.00> <Core = "LogicGate">   --->   Core 27 'LogicGate' <Latency = 0> <II = 1> <Delay = 0.97> <FuncUnit> <Opcode : 'and' 'or' 'xor'> <InPorts = 2> <OutPorts = 1>
ST_33 : Operation 147 [1/1] (0.97ns) (out node of the LUT)   --->   "%sel_tmp7 = and i1 %tmp_39, %sel_tmp6" [firmware/nnet_utils/nnet_activation.h:204]   --->   Operation 147 'and' 'sel_tmp7' <Predicate = true> <Delay = 0.97> <Core = "LogicGate">   --->   Core 27 'LogicGate' <Latency = 0> <II = 1> <Delay = 0.97> <FuncUnit> <Opcode : 'and' 'or' 'xor'> <InPorts = 2> <OutPorts = 1>
ST_33 : Operation 148 [1/1] (0.00ns) (grouped into LUT with out node sel_tmp9)   --->   "%sel_tmp8 = xor i1 %tmp_43, true" [firmware/nnet_utils/nnet_activation.h:204]   --->   Operation 148 'xor' 'sel_tmp8' <Predicate = true> <Delay = 0.00> <Core = "LogicGate">   --->   Core 27 'LogicGate' <Latency = 0> <II = 1> <Delay = 0.97> <FuncUnit> <Opcode : 'and' 'or' 'xor'> <InPorts = 2> <OutPorts = 1>
ST_33 : Operation 149 [1/1] (0.97ns) (out node of the LUT)   --->   "%sel_tmp9 = and i1 %sel_tmp7, %sel_tmp8" [firmware/nnet_utils/nnet_activation.h:204]   --->   Operation 149 'and' 'sel_tmp9' <Predicate = true> <Delay = 0.97> <Core = "LogicGate">   --->   Core 27 'LogicGate' <Latency = 0> <II = 1> <Delay = 0.97> <FuncUnit> <Opcode : 'and' 'or' 'xor'> <InPorts = 2> <OutPorts = 1>
ST_33 : Operation 150 [1/1] (0.00ns) (grouped into LUT with out node or_cond)   --->   "%sel_tmp = and i1 %sel_tmp7, %tmp_43" [firmware/nnet_utils/nnet_activation.h:204]   --->   Operation 150 'and' 'sel_tmp' <Predicate = true> <Delay = 0.00> <Core = "LogicGate">   --->   Core 27 'LogicGate' <Latency = 0> <II = 1> <Delay = 0.97> <FuncUnit> <Opcode : 'and' 'or' 'xor'> <InPorts = 2> <OutPorts = 1>
ST_33 : Operation 151 [1/1] (0.00ns) (grouped into LUT with out node sel_tmp4)   --->   "%sel_tmp21_demorgan = or i1 %sel_tmp6_demorgan, %tmp_39" [firmware/nnet_utils/nnet_activation.h:204]   --->   Operation 151 'or' 'sel_tmp21_demorgan' <Predicate = true> <Delay = 0.00> <Core = "LogicGate">   --->   Core 27 'LogicGate' <Latency = 0> <II = 1> <Delay = 0.97> <FuncUnit> <Opcode : 'and' 'or' 'xor'> <InPorts = 2> <OutPorts = 1>
ST_33 : Operation 152 [1/1] (0.00ns) (grouped into LUT with out node sel_tmp4)   --->   "%sel_tmp3 = xor i1 %sel_tmp21_demorgan, true" [firmware/nnet_utils/nnet_activation.h:204]   --->   Operation 152 'xor' 'sel_tmp3' <Predicate = true> <Delay = 0.00> <Core = "LogicGate">   --->   Core 27 'LogicGate' <Latency = 0> <II = 1> <Delay = 0.97> <FuncUnit> <Opcode : 'and' 'or' 'xor'> <InPorts = 2> <OutPorts = 1>
ST_33 : Operation 153 [1/1] (0.97ns) (out node of the LUT)   --->   "%sel_tmp4 = and i1 %tmp_45, %sel_tmp3" [firmware/nnet_utils/nnet_activation.h:204]   --->   Operation 153 'and' 'sel_tmp4' <Predicate = true> <Delay = 0.97> <Core = "LogicGate">   --->   Core 27 'LogicGate' <Latency = 0> <II = 1> <Delay = 0.97> <FuncUnit> <Opcode : 'and' 'or' 'xor'> <InPorts = 2> <OutPorts = 1>
ST_33 : Operation 154 [1/1] (0.97ns) (out node of the LUT)   --->   "%or_cond = or i1 %sel_tmp4, %sel_tmp" [firmware/nnet_utils/nnet_activation.h:204]   --->   Operation 154 'or' 'or_cond' <Predicate = true> <Delay = 0.97> <Core = "LogicGate">   --->   Core 27 'LogicGate' <Latency = 0> <II = 1> <Delay = 0.97> <FuncUnit> <Opcode : 'and' 'or' 'xor'> <InPorts = 2> <OutPorts = 1>
ST_33 : Operation 155 [1/1] (0.99ns) (out node of the LUT)   --->   "%newSel1 = select i1 %sel_tmp9, i18 %tmp_48, i18 %tmp_67" [firmware/nnet_utils/nnet_activation.h:204]   --->   Operation 155 'select' 'newSel1' <Predicate = true> <Delay = 0.99> <Core = "Sel">   --->   Core 26 'Sel' <Latency = 0> <II = 1> <Delay = 0.75> <FuncUnit> <Opcode : 'select'> <InPorts = 3> <OutPorts = 1>

State 34 <SV = 33> <Delay = 3.88>
ST_34 : Operation 156 [1/2] (3.88ns)   --->   "%tmp_47 = ashr i54 %man_V_2, %tmp_46" [firmware/nnet_utils/nnet_activation.h:204]   --->   Operation 156 'ashr' 'tmp_47' <Predicate = true> <Delay = 3.88> <Core = "ShiftnS">   --->   Core 29 'ShiftnS' <Latency = 1> <II = 1> <Delay = 3.88> <FuncUnit> <Opcode : 'shl' 'lshr' 'ashr'> <InPorts = 2> <OutPorts = 1>
ST_34 : Operation 157 [1/1] (0.00ns) (grouped into LUT with out node or_cond2)   --->   "%sel_tmp1 = xor i1 %tmp_38, true" [firmware/nnet_utils/nnet_activation.h:204]   --->   Operation 157 'xor' 'sel_tmp1' <Predicate = true> <Delay = 0.00> <Core = "LogicGate">   --->   Core 27 'LogicGate' <Latency = 0> <II = 1> <Delay = 0.97> <FuncUnit> <Opcode : 'and' 'or' 'xor'> <InPorts = 2> <OutPorts = 1>
ST_34 : Operation 158 [1/1] (0.00ns) (grouped into LUT with out node or_cond2)   --->   "%sel_tmp2 = and i1 %tmp_42, %sel_tmp1" [firmware/nnet_utils/nnet_activation.h:204]   --->   Operation 158 'and' 'sel_tmp2' <Predicate = true> <Delay = 0.00> <Core = "LogicGate">   --->   Core 27 'LogicGate' <Latency = 0> <II = 1> <Delay = 0.97> <FuncUnit> <Opcode : 'and' 'or' 'xor'> <InPorts = 2> <OutPorts = 1>
ST_34 : Operation 159 [1/1] (0.00ns) (grouped into LUT with out node or_cond2)   --->   "%or_cond1 = or i1 %sel_tmp9, %sel_tmp2" [firmware/nnet_utils/nnet_activation.h:204]   --->   Operation 159 'or' 'or_cond1' <Predicate = true> <Delay = 0.00> <Core = "LogicGate">   --->   Core 27 'LogicGate' <Latency = 0> <II = 1> <Delay = 0.97> <FuncUnit> <Opcode : 'and' 'or' 'xor'> <InPorts = 2> <OutPorts = 1>
ST_34 : Operation 160 [1/1] (0.97ns) (out node of the LUT)   --->   "%or_cond2 = or i1 %or_cond, %or_cond1" [firmware/nnet_utils/nnet_activation.h:204]   --->   Operation 160 'or' 'or_cond2' <Predicate = true> <Delay = 0.97> <Core = "LogicGate">   --->   Core 27 'LogicGate' <Latency = 0> <II = 1> <Delay = 0.97> <FuncUnit> <Opcode : 'and' 'or' 'xor'> <InPorts = 2> <OutPorts = 1>

State 35 <SV = 34> <Delay = 4.04>
ST_35 : Operation 161 [1/1] (0.00ns) (grouped into LUT with out node newSel2)   --->   "%sh_amt_cast2 = sext i12 %sh_amt to i18" [firmware/nnet_utils/nnet_activation.h:204]   --->   Operation 161 'sext' 'sh_amt_cast2' <Predicate = (sel_tmp4 & or_cond & or_cond2)> <Delay = 0.00>
ST_35 : Operation 162 [1/1] (0.00ns) (grouped into LUT with out node newSel2)   --->   "%tmp_68 = trunc i54 %tmp_47 to i18" [firmware/nnet_utils/nnet_activation.h:204]   --->   Operation 162 'trunc' 'tmp_68' <Predicate = (!sel_tmp4 & or_cond & or_cond2)> <Delay = 0.00>
ST_35 : Operation 163 [1/1] (0.00ns) (grouped into LUT with out node newSel2)   --->   "%tmp_49 = shl i18 %tmp_67, %sh_amt_cast2" [firmware/nnet_utils/nnet_activation.h:204]   --->   Operation 163 'shl' 'tmp_49' <Predicate = (sel_tmp4 & or_cond & or_cond2)> <Delay = 0.00> <Core = "Shift">   --->   Core 28 'Shift' <Latency = 0> <II = 1> <Delay = 4.04> <FuncUnit> <Opcode : 'shl' 'lshr' 'ashr'> <InPorts = 2> <OutPorts = 1>
ST_35 : Operation 164 [1/1] (0.00ns) (grouped into LUT with out node newSel2)   --->   "%newSel = select i1 %sel_tmp4, i18 %tmp_49, i18 %tmp_68" [firmware/nnet_utils/nnet_activation.h:204]   --->   Operation 164 'select' 'newSel' <Predicate = (or_cond & or_cond2)> <Delay = 0.00> <Core = "Sel">   --->   Core 26 'Sel' <Latency = 0> <II = 1> <Delay = 0.75> <FuncUnit> <Opcode : 'select'> <InPorts = 3> <OutPorts = 1>
ST_35 : Operation 165 [1/1] (4.04ns) (out node of the LUT)   --->   "%newSel2 = select i1 %or_cond, i18 %newSel, i18 %newSel1" [firmware/nnet_utils/nnet_activation.h:204]   --->   Operation 165 'select' 'newSel2' <Predicate = (or_cond2)> <Delay = 4.04> <Core = "Sel">   --->   Core 26 'Sel' <Latency = 0> <II = 1> <Delay = 0.75> <FuncUnit> <Opcode : 'select'> <InPorts = 3> <OutPorts = 1>

State 36 <SV = 35> <Delay = 4.01>
ST_36 : Operation 166 [1/1] (0.75ns) (out node of the LUT)   --->   "%exp_x_V = select i1 %or_cond2, i18 %newSel2, i18 0" [firmware/nnet_utils/nnet_activation.h:204]   --->   Operation 166 'select' 'exp_x_V' <Predicate = true> <Delay = 0.75> <Core = "Sel">   --->   Core 26 'Sel' <Latency = 0> <II = 1> <Delay = 0.75> <FuncUnit> <Opcode : 'select'> <InPorts = 3> <OutPorts = 1>
ST_36 : Operation 167 [1/1] (0.00ns)   --->   "%tmp_50 = zext i11 %i_assign to i64" [firmware/nnet_utils/nnet_activation.h:205]   --->   Operation 167 'zext' 'tmp_50' <Predicate = true> <Delay = 0.00>
ST_36 : Operation 168 [1/1] (0.00ns)   --->   "%table_out_V_addr = getelementptr [1024 x i18]* %table_out_V, i64 0, i64 %tmp_50" [firmware/nnet_utils/nnet_activation.h:205]   --->   Operation 168 'getelementptr' 'table_out_V_addr' <Predicate = true> <Delay = 0.00>
ST_36 : Operation 169 [1/1] (3.25ns)   --->   "store i18 %exp_x_V, i18* %table_out_V_addr, align 4" [firmware/nnet_utils/nnet_activation.h:205]   --->   Operation 169 'store' <Predicate = true> <Delay = 3.25> <Core = "RAM">   --->   Core 37 'RAM' <Latency = 1> <II = 1> <Delay = 3.25> <Storage> <Opcode : 'load' 'store'> <Ports = 2> <Width = 18> <Depth = 1024> <RAM>
ST_36 : Operation 170 [1/1] (0.00ns)   --->   "br label %1" [firmware/nnet_utils/nnet_activation.h:201]   --->   Operation 170 'br' <Predicate = true> <Delay = 0.00>


============================================================
+ Verbose Summary: Timing violations
============================================================
Target clock period: 5ns, clock uncertainty: 0.625ns.

 <State 1>: 1.77ns
The critical path consists of the following:
	multiplexor before 'phi' operation ('i') with incoming values : ('i', firmware/nnet_utils/nnet_activation.h:201) [4]  (1.77 ns)

 <State 2>: 1.88ns
The critical path consists of the following:
	'phi' operation ('i') with incoming values : ('i', firmware/nnet_utils/nnet_activation.h:201) [4]  (0 ns)
	'icmp' operation ('tmp', firmware/nnet_utils/nnet_activation.h:201) [5]  (1.88 ns)

 <State 3>: 4.1ns
The critical path consists of the following:
	'select' operation ('tmp.V', firmware/nnet_utils/nnet_activation.h:187->firmware/nnet_utils/nnet_activation.h:203) [15]  (0.702 ns)
	'cttz' operation ('l', firmware/nnet_utils/nnet_activation.h:187->firmware/nnet_utils/nnet_activation.h:203) [18]  (3.4 ns)

 <State 4>: 2.55ns
The critical path consists of the following:
	'sub' operation ('tmp_2_i', firmware/nnet_utils/nnet_activation.h:187->firmware/nnet_utils/nnet_activation.h:203) [19]  (2.55 ns)

 <State 5>: 4.13ns
The critical path consists of the following:
	'sub' operation ('tmp_56', firmware/nnet_utils/nnet_activation.h:187->firmware/nnet_utils/nnet_activation.h:203) [25]  (1.74 ns)
	'lshr' operation ('tmp_58', firmware/nnet_utils/nnet_activation.h:187->firmware/nnet_utils/nnet_activation.h:203) [27]  (0 ns)
	'and' operation ('__Result__', firmware/nnet_utils/nnet_activation.h:187->firmware/nnet_utils/nnet_activation.h:203) [28]  (0 ns)
	'icmp' operation ('tmp_5_i', firmware/nnet_utils/nnet_activation.h:187->firmware/nnet_utils/nnet_activation.h:203) [29]  (2.4 ns)

 <State 6>: 3.61ns
The critical path consists of the following:
	'shl' operation ('tmp_16_i', firmware/nnet_utils/nnet_activation.h:187->firmware/nnet_utils/nnet_activation.h:203) [46]  (3.61 ns)

 <State 7>: 3.61ns
The critical path consists of the following:
	'lshr' operation ('tmp_13_i', firmware/nnet_utils/nnet_activation.h:187->firmware/nnet_utils/nnet_activation.h:203) [42]  (3.61 ns)

 <State 8>: 3.52ns
The critical path consists of the following:
	'select' operation ('m', firmware/nnet_utils/nnet_activation.h:187->firmware/nnet_utils/nnet_activation.h:203) [47]  (0 ns)
	'add' operation ('m', firmware/nnet_utils/nnet_activation.h:187->firmware/nnet_utils/nnet_activation.h:203) [49]  (3.52 ns)

 <State 9>: 1.25ns
The critical path consists of the following:
	'select' operation ('tmp_23_cast_i_cast_c', firmware/nnet_utils/nnet_activation.h:187->firmware/nnet_utils/nnet_activation.h:203) [53]  (1.25 ns)

 <State 10>: 4.37ns
The critical path consists of the following:
	'sub' operation ('tmp_19_i', firmware/nnet_utils/nnet_activation.h:187->firmware/nnet_utils/nnet_activation.h:203) [55]  (0 ns)
	'add' operation ('p_Repl2_3_trunc_i', firmware/nnet_utils/nnet_activation.h:187->firmware/nnet_utils/nnet_activation.h:203) [56]  (3.67 ns)
	'select' operation ('x', firmware/nnet_utils/nnet_activation.h:187->firmware/nnet_utils/nnet_activation.h:203) [61]  (0.698 ns)

 <State 11>: 4.36ns
The critical path consists of the following:
	'fexp' operation ('v', /home/filipe/Xilinx/Vivado/2018.3/lnx64/tools/gcc/lib/gcc/x86_64-unknown-linux-gnu/4.6.3/../../../../include/c++/4.6.3/cmath:217->firmware/nnet_utils/nnet_activation.h:178->firmware/nnet_utils/nnet_activation.h:204) [62]  (4.36 ns)

 <State 12>: 4.36ns
The critical path consists of the following:
	'fexp' operation ('v', /home/filipe/Xilinx/Vivado/2018.3/lnx64/tools/gcc/lib/gcc/x86_64-unknown-linux-gnu/4.6.3/../../../../include/c++/4.6.3/cmath:217->firmware/nnet_utils/nnet_activation.h:178->firmware/nnet_utils/nnet_activation.h:204) [62]  (4.36 ns)

 <State 13>: 4.36ns
The critical path consists of the following:
	'fexp' operation ('v', /home/filipe/Xilinx/Vivado/2018.3/lnx64/tools/gcc/lib/gcc/x86_64-unknown-linux-gnu/4.6.3/../../../../include/c++/4.6.3/cmath:217->firmware/nnet_utils/nnet_activation.h:178->firmware/nnet_utils/nnet_activation.h:204) [62]  (4.36 ns)

 <State 14>: 4.36ns
The critical path consists of the following:
	'fexp' operation ('v', /home/filipe/Xilinx/Vivado/2018.3/lnx64/tools/gcc/lib/gcc/x86_64-unknown-linux-gnu/4.6.3/../../../../include/c++/4.6.3/cmath:217->firmware/nnet_utils/nnet_activation.h:178->firmware/nnet_utils/nnet_activation.h:204) [62]  (4.36 ns)

 <State 15>: 4.36ns
The critical path consists of the following:
	'fexp' operation ('v', /home/filipe/Xilinx/Vivado/2018.3/lnx64/tools/gcc/lib/gcc/x86_64-unknown-linux-gnu/4.6.3/../../../../include/c++/4.6.3/cmath:217->firmware/nnet_utils/nnet_activation.h:178->firmware/nnet_utils/nnet_activation.h:204) [62]  (4.36 ns)

 <State 16>: 4.36ns
The critical path consists of the following:
	'fexp' operation ('v', /home/filipe/Xilinx/Vivado/2018.3/lnx64/tools/gcc/lib/gcc/x86_64-unknown-linux-gnu/4.6.3/../../../../include/c++/4.6.3/cmath:217->firmware/nnet_utils/nnet_activation.h:178->firmware/nnet_utils/nnet_activation.h:204) [62]  (4.36 ns)

 <State 17>: 4.36ns
The critical path consists of the following:
	'fexp' operation ('v', /home/filipe/Xilinx/Vivado/2018.3/lnx64/tools/gcc/lib/gcc/x86_64-unknown-linux-gnu/4.6.3/../../../../include/c++/4.6.3/cmath:217->firmware/nnet_utils/nnet_activation.h:178->firmware/nnet_utils/nnet_activation.h:204) [62]  (4.36 ns)

 <State 18>: 4.36ns
The critical path consists of the following:
	'fexp' operation ('v', /home/filipe/Xilinx/Vivado/2018.3/lnx64/tools/gcc/lib/gcc/x86_64-unknown-linux-gnu/4.6.3/../../../../include/c++/4.6.3/cmath:217->firmware/nnet_utils/nnet_activation.h:178->firmware/nnet_utils/nnet_activation.h:204) [62]  (4.36 ns)

 <State 19>: 4.36ns
The critical path consists of the following:
	'fexp' operation ('v', /home/filipe/Xilinx/Vivado/2018.3/lnx64/tools/gcc/lib/gcc/x86_64-unknown-linux-gnu/4.6.3/../../../../include/c++/4.6.3/cmath:217->firmware/nnet_utils/nnet_activation.h:178->firmware/nnet_utils/nnet_activation.h:204) [62]  (4.36 ns)

 <State 20>: 4.36ns
The critical path consists of the following:
	'fexp' operation ('v', /home/filipe/Xilinx/Vivado/2018.3/lnx64/tools/gcc/lib/gcc/x86_64-unknown-linux-gnu/4.6.3/../../../../include/c++/4.6.3/cmath:217->firmware/nnet_utils/nnet_activation.h:178->firmware/nnet_utils/nnet_activation.h:204) [62]  (4.36 ns)

 <State 21>: 4.36ns
The critical path consists of the following:
	'fexp' operation ('v', /home/filipe/Xilinx/Vivado/2018.3/lnx64/tools/gcc/lib/gcc/x86_64-unknown-linux-gnu/4.6.3/../../../../include/c++/4.6.3/cmath:217->firmware/nnet_utils/nnet_activation.h:178->firmware/nnet_utils/nnet_activation.h:204) [62]  (4.36 ns)

 <State 22>: 4.36ns
The critical path consists of the following:
	'fexp' operation ('v', /home/filipe/Xilinx/Vivado/2018.3/lnx64/tools/gcc/lib/gcc/x86_64-unknown-linux-gnu/4.6.3/../../../../include/c++/4.6.3/cmath:217->firmware/nnet_utils/nnet_activation.h:178->firmware/nnet_utils/nnet_activation.h:204) [62]  (4.36 ns)

 <State 23>: 4.36ns
The critical path consists of the following:
	'fexp' operation ('v', /home/filipe/Xilinx/Vivado/2018.3/lnx64/tools/gcc/lib/gcc/x86_64-unknown-linux-gnu/4.6.3/../../../../include/c++/4.6.3/cmath:217->firmware/nnet_utils/nnet_activation.h:178->firmware/nnet_utils/nnet_activation.h:204) [62]  (4.36 ns)

 <State 24>: 4.36ns
The critical path consists of the following:
	'fexp' operation ('v', /home/filipe/Xilinx/Vivado/2018.3/lnx64/tools/gcc/lib/gcc/x86_64-unknown-linux-gnu/4.6.3/../../../../include/c++/4.6.3/cmath:217->firmware/nnet_utils/nnet_activation.h:178->firmware/nnet_utils/nnet_activation.h:204) [62]  (4.36 ns)

 <State 25>: 4.36ns
The critical path consists of the following:
	'fexp' operation ('v', /home/filipe/Xilinx/Vivado/2018.3/lnx64/tools/gcc/lib/gcc/x86_64-unknown-linux-gnu/4.6.3/../../../../include/c++/4.6.3/cmath:217->firmware/nnet_utils/nnet_activation.h:178->firmware/nnet_utils/nnet_activation.h:204) [62]  (4.36 ns)

 <State 26>: 4.36ns
The critical path consists of the following:
	'fexp' operation ('v', /home/filipe/Xilinx/Vivado/2018.3/lnx64/tools/gcc/lib/gcc/x86_64-unknown-linux-gnu/4.6.3/../../../../include/c++/4.6.3/cmath:217->firmware/nnet_utils/nnet_activation.h:178->firmware/nnet_utils/nnet_activation.h:204) [62]  (4.36 ns)

 <State 27>: 4.36ns
The critical path consists of the following:
	'fexp' operation ('v', /home/filipe/Xilinx/Vivado/2018.3/lnx64/tools/gcc/lib/gcc/x86_64-unknown-linux-gnu/4.6.3/../../../../include/c++/4.6.3/cmath:217->firmware/nnet_utils/nnet_activation.h:178->firmware/nnet_utils/nnet_activation.h:204) [62]  (4.36 ns)

 <State 28>: 4.36ns
The critical path consists of the following:
	'fexp' operation ('v', /home/filipe/Xilinx/Vivado/2018.3/lnx64/tools/gcc/lib/gcc/x86_64-unknown-linux-gnu/4.6.3/../../../../include/c++/4.6.3/cmath:217->firmware/nnet_utils/nnet_activation.h:178->firmware/nnet_utils/nnet_activation.h:204) [62]  (4.36 ns)

 <State 29>: 3.7ns
The critical path consists of the following:
	'fpext' operation ('d', firmware/nnet_utils/nnet_activation.h:204) [63]  (3.7 ns)

 <State 30>: 3.7ns
The critical path consists of the following:
	'fpext' operation ('d', firmware/nnet_utils/nnet_activation.h:204) [63]  (3.7 ns)

 <State 31>: 3.7ns
The critical path consists of the following:
	'fpext' operation ('d', firmware/nnet_utils/nnet_activation.h:204) [63]  (3.7 ns)

 <State 32>: 4.23ns
The critical path consists of the following:
	'sub' operation ('F2', firmware/nnet_utils/nnet_activation.h:204) [75]  (1.55 ns)
	'icmp' operation ('tmp_39', firmware/nnet_utils/nnet_activation.h:204) [76]  (1.99 ns)
	'select' operation ('sh_amt', firmware/nnet_utils/nnet_activation.h:204) [79]  (0.697 ns)

 <State 33>: 3.96ns
The critical path consists of the following:
	'icmp' operation ('tmp_43', firmware/nnet_utils/nnet_activation.h:204) [84]  (1.99 ns)
	'xor' operation ('sel_tmp8', firmware/nnet_utils/nnet_activation.h:204) [98]  (0 ns)
	'and' operation ('sel_tmp9', firmware/nnet_utils/nnet_activation.h:204) [99]  (0.978 ns)
	'select' operation ('newSel1', firmware/nnet_utils/nnet_activation.h:204) [106]  (0.993 ns)

 <State 34>: 3.88ns
The critical path consists of the following:
	'ashr' operation ('tmp_47', firmware/nnet_utils/nnet_activation.h:204) [87]  (3.88 ns)

 <State 35>: 4.04ns
The critical path consists of the following:
	'shl' operation ('tmp_49', firmware/nnet_utils/nnet_activation.h:204) [92]  (0 ns)
	'select' operation ('newSel', firmware/nnet_utils/nnet_activation.h:204) [104]  (0 ns)
	'select' operation ('newSel2', firmware/nnet_utils/nnet_activation.h:204) [108]  (4.04 ns)

 <State 36>: 4.01ns
The critical path consists of the following:
	'select' operation ('exp_x.V', firmware/nnet_utils/nnet_activation.h:204) [110]  (0.756 ns)
	'store' operation (firmware/nnet_utils/nnet_activation.h:205) of variable 'exp_x.V', firmware/nnet_utils/nnet_activation.h:204 on array 'table_out_V' [113]  (3.25 ns)


============================================================
+ Verbose Summary: Binding
============================================================
N/A
* FSMD analyzer results:
  - Output states:
 - Input state : 
  - Chain level:
	State 1
	State 2
	State 3
	State 4
	State 5
	State 6
	State 7
	State 8
	State 9
	State 10
	State 11
	State 12
	State 13
	State 14
	State 15
	State 16
	State 17
	State 18
	State 19
	State 20
	State 21
	State 22
	State 23
	State 24
	State 25
	State 26
	State 27
	State 28
	State 29
	State 30
	State 31
	State 32
	State 33
	State 34
	State 35
	State 36


============================================================
+ Verbose Summary: Datapath Resource usage 
============================================================
N/A
