

================================================================
== Vivado HLS Report for 'reduce'
================================================================
* Date:           Tue Mar  2 23:01:16 2021

* Version:        2018.3 (Build 2405991 on Thu Dec 06 23:56:15 MST 2018)
* Project:        myproject_prj
* Solution:       solution1
* Product family: zynq
* Target device:  xc7z007sclg225-1


================================================================
== Performance Estimates
================================================================
+ Timing (ns): 
    * Summary: 
    +--------+-------+----------+------------+
    |  Clock | Target| Estimated| Uncertainty|
    +--------+-------+----------+------------+
    |ap_clk  |   5.00|     3.962|        0.62|
    +--------+-------+----------+------------+

+ Latency (clock cycles): 
    * Summary: 
    +-----+-----+-----+-----+---------+
    |  Latency  |  Interval | Pipeline|
    | min | max | min | max |   Type  |
    +-----+-----+-----+-----+---------+
    |   27|   27|   27|   27|   none  |
    +-----+-----+-----+-----+---------+

    + Detail: 
        * Instance: 
        N/A

        * Loop: 
        +----------+-----+-----+----------+-----------+-----------+------+----------+
        |          |  Latency  | Iteration|  Initiation Interval  | Trip |          |
        | Loop Name| min | max |  Latency |  achieved |   target  | Count| Pipelined|
        +----------+-----+-----+----------+-----------+-----------+------+----------+
        |- Loop 1  |    8|    8|         2|          -|          -|     4|    no    |
        |- Loop 2  |    8|    8|         2|          -|          -|     4|    no    |
        +----------+-----+-----+----------+-----------+-----------+------+----------+

============================================================
+ Verbose Summary: Synthesis Manager
============================================================
InlineROM: 1
ExposeGlobal: 0
============================================================
+ Verbose Summary: CDFG Model
============================================================
IsTopModel: 0
ResetActiveHigh: 1
IsCombinational: 0
IsDatapathOnly: 0
HasWiredReturn: 1
HasMFsm: 0
HasVarLatency: 1
IsPipeline: 0
IsRtlPipelined: 0
IsInstanceOverlapped: 0
IsDontTouch: 0
HasImplIP: 0
IsGatedGlobalClock: 0


============================================================
+ Verbose Summary: Schedule
============================================================
* Number of FSM states : 7
* Pipeline : 0
* Dataflow Pipeline: 0

* FSM state transitions: 
1 --> 
	2  / true
2 --> 
	3  / (!exitcond1)
	4  / (exitcond1)
3 --> 
	2  / true
4 --> 
	6  / (exitcond)
	5  / (!exitcond)
5 --> 
	4  / true
6 --> 
	7  / true
7 --> 

* FSM state operations: 

State 1 <SV = 0> <Delay = 1.76>
ST_1 : Operation 8 [1/1] (0.00ns)   --->   "%left_3_V = alloca i18"   --->   Operation 8 'alloca' 'left_3_V' <Predicate = true> <Delay = 0.00>
ST_1 : Operation 9 [1/1] (0.00ns)   --->   "%left_3_V_1 = alloca i18"   --->   Operation 9 'alloca' 'left_3_V_1' <Predicate = true> <Delay = 0.00>
ST_1 : Operation 10 [1/1] (0.00ns)   --->   "%left_3_V_2 = alloca i18"   --->   Operation 10 'alloca' 'left_3_V_2' <Predicate = true> <Delay = 0.00>
ST_1 : Operation 11 [1/1] (0.00ns)   --->   "%left_3_V_3 = alloca i18"   --->   Operation 11 'alloca' 'left_3_V_3' <Predicate = true> <Delay = 0.00>
ST_1 : Operation 12 [1/1] (0.00ns)   --->   "%x_7_V_read_1 = call i18 @_ssdm_op_Read.ap_auto.i18(i18 %x_7_V_read)" [firmware/nnet_utils/nnet_common.h:62]   --->   Operation 12 'read' 'x_7_V_read_1' <Predicate = true> <Delay = 0.00>
ST_1 : Operation 13 [1/1] (0.00ns)   --->   "%x_6_V_read_1 = call i18 @_ssdm_op_Read.ap_auto.i18(i18 %x_6_V_read)" [firmware/nnet_utils/nnet_common.h:62]   --->   Operation 13 'read' 'x_6_V_read_1' <Predicate = true> <Delay = 0.00>
ST_1 : Operation 14 [1/1] (0.00ns)   --->   "%x_5_V_read_1 = call i18 @_ssdm_op_Read.ap_auto.i18(i18 %x_5_V_read)" [firmware/nnet_utils/nnet_common.h:62]   --->   Operation 14 'read' 'x_5_V_read_1' <Predicate = true> <Delay = 0.00>
ST_1 : Operation 15 [1/1] (0.00ns)   --->   "%x_4_V_read_1 = call i18 @_ssdm_op_Read.ap_auto.i18(i18 %x_4_V_read)" [firmware/nnet_utils/nnet_common.h:62]   --->   Operation 15 'read' 'x_4_V_read_1' <Predicate = true> <Delay = 0.00>
ST_1 : Operation 16 [1/1] (0.00ns)   --->   "%x_3_V_read_2 = call i18 @_ssdm_op_Read.ap_auto.i18(i18 %x_3_V_read)" [firmware/nnet_utils/nnet_common.h:62]   --->   Operation 16 'read' 'x_3_V_read_2' <Predicate = true> <Delay = 0.00>
ST_1 : Operation 17 [1/1] (0.00ns)   --->   "%x_2_V_read_2 = call i18 @_ssdm_op_Read.ap_auto.i18(i18 %x_2_V_read)" [firmware/nnet_utils/nnet_common.h:62]   --->   Operation 17 'read' 'x_2_V_read_2' <Predicate = true> <Delay = 0.00>
ST_1 : Operation 18 [1/1] (0.00ns)   --->   "%x_1_V_read_2 = call i18 @_ssdm_op_Read.ap_auto.i18(i18 %x_1_V_read)" [firmware/nnet_utils/nnet_common.h:62]   --->   Operation 18 'read' 'x_1_V_read_2' <Predicate = true> <Delay = 0.00>
ST_1 : Operation 19 [1/1] (0.00ns)   --->   "%x_0_V_read_2 = call i18 @_ssdm_op_Read.ap_auto.i18(i18 %x_0_V_read)" [firmware/nnet_utils/nnet_common.h:62]   --->   Operation 19 'read' 'x_0_V_read_2' <Predicate = true> <Delay = 0.00>
ST_1 : Operation 20 [1/1] (1.76ns)   --->   "br label %branch0" [firmware/nnet_utils/nnet_common.h:74]   --->   Operation 20 'br' <Predicate = true> <Delay = 1.76>

State 2 <SV = 1> <Delay = 1.86>
ST_2 : Operation 21 [1/1] (0.00ns)   --->   "%i = phi i3 [ 0, %arrayctor.loop1.preheader ], [ %i_3, %branch0.backedge ]"   --->   Operation 21 'phi' 'i' <Predicate = true> <Delay = 0.00>
ST_2 : Operation 22 [1/1] (1.13ns)   --->   "%exitcond1 = icmp eq i3 %i, -4" [firmware/nnet_utils/nnet_common.h:74]   --->   Operation 22 'icmp' 'exitcond1' <Predicate = true> <Delay = 1.13> <Core = "Cmp">   --->   Core 25 'Cmp' <Latency = 0> <II = 1> <Delay = 1.13> <FuncUnit> <Opcode : 'icmp'> <InPorts = 2> <OutPorts = 1>
ST_2 : Operation 23 [1/1] (0.00ns)   --->   "%empty = call i32 (...)* @_ssdm_op_SpecLoopTripCount(i64 4, i64 4, i64 4)"   --->   Operation 23 'speclooptripcount' 'empty' <Predicate = true> <Delay = 0.00>
ST_2 : Operation 24 [1/1] (1.65ns)   --->   "%i_3 = add i3 %i, 1" [firmware/nnet_utils/nnet_common.h:74]   --->   Operation 24 'add' 'i_3' <Predicate = true> <Delay = 1.65> <Core = "AddSub">   --->   Core 14 'AddSub' <Latency = 0> <II = 1> <Delay = 2.13> <FuncUnit> <Opcode : 'add' 'sub'> <InPorts = 2> <OutPorts = 1>
ST_2 : Operation 25 [1/1] (0.00ns)   --->   "br i1 %exitcond1, label %.preheader.preheader, label %0" [firmware/nnet_utils/nnet_common.h:74]   --->   Operation 25 'br' <Predicate = true> <Delay = 0.00>
ST_2 : Operation 26 [1/1] (1.86ns)   --->   "switch i3 %i, label %branch11 [
    i3 0, label %branch8
    i3 1, label %branch9
    i3 2, label %branch10
  ]" [firmware/nnet_utils/nnet_common.h:75]   --->   Operation 26 'switch' <Predicate = (!exitcond1)> <Delay = 1.86>
ST_2 : Operation 27 [1/1] (1.86ns)   --->   "br label %branch8" [firmware/nnet_utils/nnet_common.h:75]   --->   Operation 27 'br' <Predicate = (!exitcond1 & i == 2)> <Delay = 1.86>
ST_2 : Operation 28 [1/1] (1.86ns)   --->   "br label %branch8" [firmware/nnet_utils/nnet_common.h:75]   --->   Operation 28 'br' <Predicate = (!exitcond1 & i == 1)> <Delay = 1.86>
ST_2 : Operation 29 [1/1] (1.86ns)   --->   "br label %branch8" [firmware/nnet_utils/nnet_common.h:75]   --->   Operation 29 'br' <Predicate = (!exitcond1 & i != 0 & i != 1 & i != 2)> <Delay = 1.86>
ST_2 : Operation 30 [1/1] (0.00ns)   --->   "%tmp = trunc i3 %i to i2" [firmware/nnet_utils/nnet_common.h:75]   --->   Operation 30 'trunc' 'tmp' <Predicate = (!exitcond1)> <Delay = 0.00>
ST_2 : Operation 31 [1/1] (0.00ns)   --->   "%right_3_V = alloca i18"   --->   Operation 31 'alloca' 'right_3_V' <Predicate = (exitcond1)> <Delay = 0.00>
ST_2 : Operation 32 [1/1] (0.00ns)   --->   "%right_3_V_1 = alloca i18"   --->   Operation 32 'alloca' 'right_3_V_1' <Predicate = (exitcond1)> <Delay = 0.00>
ST_2 : Operation 33 [1/1] (0.00ns)   --->   "%right_3_V_2 = alloca i18"   --->   Operation 33 'alloca' 'right_3_V_2' <Predicate = (exitcond1)> <Delay = 0.00>
ST_2 : Operation 34 [1/1] (0.00ns)   --->   "%right_3_V_3 = alloca i18"   --->   Operation 34 'alloca' 'right_3_V_3' <Predicate = (exitcond1)> <Delay = 0.00>
ST_2 : Operation 35 [1/1] (1.76ns)   --->   "br label %.preheader" [firmware/nnet_utils/nnet_common.h:77]   --->   Operation 35 'br' <Predicate = (exitcond1)> <Delay = 1.76>

State 3 <SV = 2> <Delay = 1.30>
ST_3 : Operation 36 [1/1] (0.00ns)   --->   "%left_0_V = phi i18 [ %x_1_V_read_2, %branch9 ], [ %x_2_V_read_2, %branch10 ], [ %x_3_V_read_2, %branch11 ], [ %x_0_V_read_2, %0 ]" [firmware/nnet_utils/nnet_common.h:75]   --->   Operation 36 'phi' 'left_0_V' <Predicate = true> <Delay = 0.00>
ST_3 : Operation 37 [1/1] (1.30ns)   --->   "switch i2 %tmp, label %branch3 [
    i2 0, label %branch8.branch0.backedge_crit_edge
    i2 1, label %branch1
    i2 -2, label %branch2
  ]" [firmware/nnet_utils/nnet_common.h:75]   --->   Operation 37 'switch' <Predicate = true> <Delay = 1.30>
ST_3 : Operation 38 [1/1] (0.00ns)   --->   "store i18 %left_0_V, i18* %left_3_V_2" [firmware/nnet_utils/nnet_common.h:75]   --->   Operation 38 'store' <Predicate = (tmp == 2)> <Delay = 0.00>
ST_3 : Operation 39 [1/1] (0.00ns)   --->   "br label %branch0.backedge" [firmware/nnet_utils/nnet_common.h:75]   --->   Operation 39 'br' <Predicate = (tmp == 2)> <Delay = 0.00>
ST_3 : Operation 40 [1/1] (0.00ns)   --->   "store i18 %left_0_V, i18* %left_3_V_1" [firmware/nnet_utils/nnet_common.h:75]   --->   Operation 40 'store' <Predicate = (tmp == 1)> <Delay = 0.00>
ST_3 : Operation 41 [1/1] (0.00ns)   --->   "br label %branch0.backedge" [firmware/nnet_utils/nnet_common.h:75]   --->   Operation 41 'br' <Predicate = (tmp == 1)> <Delay = 0.00>
ST_3 : Operation 42 [1/1] (0.00ns)   --->   "store i18 %left_0_V, i18* %left_3_V" [firmware/nnet_utils/nnet_common.h:75]   --->   Operation 42 'store' <Predicate = (tmp == 0)> <Delay = 0.00>
ST_3 : Operation 43 [1/1] (0.00ns)   --->   "br label %branch0.backedge" [firmware/nnet_utils/nnet_common.h:75]   --->   Operation 43 'br' <Predicate = (tmp == 0)> <Delay = 0.00>
ST_3 : Operation 44 [1/1] (0.00ns)   --->   "store i18 %left_0_V, i18* %left_3_V_3" [firmware/nnet_utils/nnet_common.h:75]   --->   Operation 44 'store' <Predicate = (tmp == 3)> <Delay = 0.00>
ST_3 : Operation 45 [1/1] (0.00ns)   --->   "br label %branch0.backedge" [firmware/nnet_utils/nnet_common.h:75]   --->   Operation 45 'br' <Predicate = (tmp == 3)> <Delay = 0.00>
ST_3 : Operation 46 [1/1] (0.00ns)   --->   "br label %branch0"   --->   Operation 46 'br' <Predicate = true> <Delay = 0.00>

State 4 <SV = 2> <Delay = 2.82>
ST_4 : Operation 47 [1/1] (0.00ns)   --->   "%i2 = phi i3 [ 0, %.preheader.preheader ], [ %i_4, %.preheader.backedge ]"   --->   Operation 47 'phi' 'i2' <Predicate = true> <Delay = 0.00>
ST_4 : Operation 48 [1/1] (1.13ns)   --->   "%exitcond = icmp eq i3 %i2, -4" [firmware/nnet_utils/nnet_common.h:77]   --->   Operation 48 'icmp' 'exitcond' <Predicate = true> <Delay = 1.13> <Core = "Cmp">   --->   Core 25 'Cmp' <Latency = 0> <II = 1> <Delay = 1.13> <FuncUnit> <Opcode : 'icmp'> <InPorts = 2> <OutPorts = 1>
ST_4 : Operation 49 [1/1] (0.00ns)   --->   "%empty_30 = call i32 (...)* @_ssdm_op_SpecLoopTripCount(i64 4, i64 4, i64 4)"   --->   Operation 49 'speclooptripcount' 'empty_30' <Predicate = true> <Delay = 0.00>
ST_4 : Operation 50 [1/1] (1.65ns)   --->   "%i_4 = add i3 %i2, 1" [firmware/nnet_utils/nnet_common.h:77]   --->   Operation 50 'add' 'i_4' <Predicate = true> <Delay = 1.65> <Core = "AddSub">   --->   Core 14 'AddSub' <Latency = 0> <II = 1> <Delay = 2.13> <FuncUnit> <Opcode : 'add' 'sub'> <InPorts = 2> <OutPorts = 1>
ST_4 : Operation 51 [1/1] (0.00ns)   --->   "br i1 %exitcond, label %2, label %1" [firmware/nnet_utils/nnet_common.h:77]   --->   Operation 51 'br' <Predicate = true> <Delay = 0.00>
ST_4 : Operation 52 [1/1] (0.96ns)   --->   "%tmp_20_t = xor i3 %i2, -4" [firmware/nnet_utils/nnet_common.h:78]   --->   Operation 52 'xor' 'tmp_20_t' <Predicate = (!exitcond)> <Delay = 0.96> <Core = "LogicGate">   --->   Core 27 'LogicGate' <Latency = 0> <II = 1> <Delay = 0.96> <FuncUnit> <Opcode : 'and' 'or' 'xor'> <InPorts = 2> <OutPorts = 1>
ST_4 : Operation 53 [1/1] (1.86ns)   --->   "switch i3 %tmp_20_t, label %branch733 [
    i3 -4, label %branch427
    i3 -3, label %branch529
    i3 -2, label %branch631
  ]" [firmware/nnet_utils/nnet_common.h:78]   --->   Operation 53 'switch' <Predicate = (!exitcond)> <Delay = 1.86>
ST_4 : Operation 54 [1/1] (1.86ns)   --->   "br label %branch427" [firmware/nnet_utils/nnet_common.h:78]   --->   Operation 54 'br' <Predicate = (!exitcond & tmp_20_t == 6)> <Delay = 1.86>
ST_4 : Operation 55 [1/1] (1.86ns)   --->   "br label %branch427" [firmware/nnet_utils/nnet_common.h:78]   --->   Operation 55 'br' <Predicate = (!exitcond & tmp_20_t == 5)> <Delay = 1.86>
ST_4 : Operation 56 [1/1] (1.86ns)   --->   "br label %branch427" [firmware/nnet_utils/nnet_common.h:78]   --->   Operation 56 'br' <Predicate = (!exitcond & tmp_20_t != 4 & tmp_20_t != 5 & tmp_20_t != 6)> <Delay = 1.86>
ST_4 : Operation 57 [1/1] (0.00ns)   --->   "%tmp_22 = trunc i3 %i2 to i2" [firmware/nnet_utils/nnet_common.h:78]   --->   Operation 57 'trunc' 'tmp_22' <Predicate = (!exitcond)> <Delay = 0.00>
ST_4 : Operation 58 [1/1] (0.00ns)   --->   "%right_3_V_load = load i18* %right_3_V" [firmware/nnet_utils/nnet_common.h:80]   --->   Operation 58 'load' 'right_3_V_load' <Predicate = (exitcond)> <Delay = 0.00>
ST_4 : Operation 59 [1/1] (0.00ns)   --->   "%right_3_V_1_load = load i18* %right_3_V_1" [firmware/nnet_utils/nnet_common.h:80]   --->   Operation 59 'load' 'right_3_V_1_load' <Predicate = (exitcond)> <Delay = 0.00>
ST_4 : Operation 60 [1/1] (0.00ns)   --->   "%right_3_V_2_load = load i18* %right_3_V_2" [firmware/nnet_utils/nnet_common.h:80]   --->   Operation 60 'load' 'right_3_V_2_load' <Predicate = (exitcond)> <Delay = 0.00>
ST_4 : Operation 61 [1/1] (0.00ns)   --->   "%right_3_V_3_load = load i18* %right_3_V_3" [firmware/nnet_utils/nnet_common.h:80]   --->   Operation 61 'load' 'right_3_V_3_load' <Predicate = (exitcond)> <Delay = 0.00>
ST_4 : Operation 62 [1/1] (0.00ns)   --->   "%left_3_V_load = load i18* %left_3_V" [firmware/nnet_utils/nnet_common.h:80]   --->   Operation 62 'load' 'left_3_V_load' <Predicate = (exitcond)> <Delay = 0.00>
ST_4 : Operation 63 [1/1] (0.00ns)   --->   "%left_3_V_1_load = load i18* %left_3_V_1" [firmware/nnet_utils/nnet_common.h:80]   --->   Operation 63 'load' 'left_3_V_1_load' <Predicate = (exitcond)> <Delay = 0.00>
ST_4 : Operation 64 [1/1] (0.00ns)   --->   "%left_3_V_2_load = load i18* %left_3_V_2" [firmware/nnet_utils/nnet_common.h:80]   --->   Operation 64 'load' 'left_3_V_2_load' <Predicate = (exitcond)> <Delay = 0.00>
ST_4 : Operation 65 [1/1] (0.00ns)   --->   "%left_3_V_3_load = load i18* %left_3_V_3" [firmware/nnet_utils/nnet_common.h:80]   --->   Operation 65 'load' 'left_3_V_3_load' <Predicate = (exitcond)> <Delay = 0.00>
ST_4 : Operation 66 [2/2] (1.76ns)   --->   "%p_Val2_s = call fastcc i18 @reduce.1(i18 %left_3_V_load, i18 %left_3_V_1_load, i18 %left_3_V_2_load, i18 %left_3_V_3_load)" [firmware/nnet_utils/nnet_common.h:80]   --->   Operation 66 'call' 'p_Val2_s' <Predicate = (exitcond)> <Delay = 1.76> <CoreType = "Generic">   --->   Core 0 '' <Latency = 0> <II = 1> <Delay = 1.00> <Generic> <Opcode : >
ST_4 : Operation 67 [2/2] (1.76ns)   --->   "%p_Val2_7 = call fastcc i18 @reduce.1(i18 %right_3_V_load, i18 %right_3_V_1_load, i18 %right_3_V_2_load, i18 %right_3_V_3_load)" [firmware/nnet_utils/nnet_common.h:80]   --->   Operation 67 'call' 'p_Val2_7' <Predicate = (exitcond)> <Delay = 1.76> <CoreType = "Generic">   --->   Core 0 '' <Latency = 0> <II = 1> <Delay = 1.00> <Generic> <Opcode : >

State 5 <SV = 3> <Delay = 1.30>
ST_5 : Operation 68 [1/1] (0.00ns)   --->   "%right_0_V = phi i18 [ %x_5_V_read_1, %branch529 ], [ %x_6_V_read_1, %branch631 ], [ %x_7_V_read_1, %branch733 ], [ %x_4_V_read_1, %1 ]" [firmware/nnet_utils/nnet_common.h:78]   --->   Operation 68 'phi' 'right_0_V' <Predicate = true> <Delay = 0.00>
ST_5 : Operation 69 [1/1] (1.30ns)   --->   "switch i2 %tmp_22, label %branch7 [
    i2 0, label %branch427..preheader.backedge_crit_edge
    i2 1, label %branch5
    i2 -2, label %branch6
  ]" [firmware/nnet_utils/nnet_common.h:78]   --->   Operation 69 'switch' <Predicate = true> <Delay = 1.30>
ST_5 : Operation 70 [1/1] (0.00ns)   --->   "store i18 %right_0_V, i18* %right_3_V_2" [firmware/nnet_utils/nnet_common.h:78]   --->   Operation 70 'store' <Predicate = (tmp_22 == 2)> <Delay = 0.00>
ST_5 : Operation 71 [1/1] (0.00ns)   --->   "br label %.preheader.backedge" [firmware/nnet_utils/nnet_common.h:78]   --->   Operation 71 'br' <Predicate = (tmp_22 == 2)> <Delay = 0.00>
ST_5 : Operation 72 [1/1] (0.00ns)   --->   "store i18 %right_0_V, i18* %right_3_V_1" [firmware/nnet_utils/nnet_common.h:78]   --->   Operation 72 'store' <Predicate = (tmp_22 == 1)> <Delay = 0.00>
ST_5 : Operation 73 [1/1] (0.00ns)   --->   "br label %.preheader.backedge" [firmware/nnet_utils/nnet_common.h:78]   --->   Operation 73 'br' <Predicate = (tmp_22 == 1)> <Delay = 0.00>
ST_5 : Operation 74 [1/1] (0.00ns)   --->   "store i18 %right_0_V, i18* %right_3_V" [firmware/nnet_utils/nnet_common.h:78]   --->   Operation 74 'store' <Predicate = (tmp_22 == 0)> <Delay = 0.00>
ST_5 : Operation 75 [1/1] (0.00ns)   --->   "br label %.preheader.backedge" [firmware/nnet_utils/nnet_common.h:78]   --->   Operation 75 'br' <Predicate = (tmp_22 == 0)> <Delay = 0.00>
ST_5 : Operation 76 [1/1] (0.00ns)   --->   "store i18 %right_0_V, i18* %right_3_V_3" [firmware/nnet_utils/nnet_common.h:78]   --->   Operation 76 'store' <Predicate = (tmp_22 == 3)> <Delay = 0.00>
ST_5 : Operation 77 [1/1] (0.00ns)   --->   "br label %.preheader.backedge" [firmware/nnet_utils/nnet_common.h:78]   --->   Operation 77 'br' <Predicate = (tmp_22 == 3)> <Delay = 0.00>
ST_5 : Operation 78 [1/1] (0.00ns)   --->   "br label %.preheader"   --->   Operation 78 'br' <Predicate = true> <Delay = 0.00>

State 6 <SV = 3> <Delay = 3.96>
ST_6 : Operation 79 [1/2] (3.96ns)   --->   "%p_Val2_s = call fastcc i18 @reduce.1(i18 %left_3_V_load, i18 %left_3_V_1_load, i18 %left_3_V_2_load, i18 %left_3_V_3_load)" [firmware/nnet_utils/nnet_common.h:80]   --->   Operation 79 'call' 'p_Val2_s' <Predicate = true> <Delay = 3.96> <CoreType = "Generic">   --->   Core 0 '' <Latency = 0> <II = 1> <Delay = 1.00> <Generic> <Opcode : >
ST_6 : Operation 80 [1/2] (3.96ns)   --->   "%p_Val2_7 = call fastcc i18 @reduce.1(i18 %right_3_V_load, i18 %right_3_V_1_load, i18 %right_3_V_2_load, i18 %right_3_V_3_load)" [firmware/nnet_utils/nnet_common.h:80]   --->   Operation 80 'call' 'p_Val2_7' <Predicate = true> <Delay = 3.96> <CoreType = "Generic">   --->   Core 0 '' <Latency = 0> <II = 1> <Delay = 1.00> <Generic> <Opcode : >

State 7 <SV = 4> <Delay = 2.13>
ST_7 : Operation 81 [1/1] (2.13ns)   --->   "%agg_result_i = add i18 %p_Val2_7, %p_Val2_s" [firmware/nnet_utils/nnet_common.h:88->firmware/nnet_utils/nnet_common.h:80]   --->   Operation 81 'add' 'agg_result_i' <Predicate = true> <Delay = 2.13> <Core = "AddSub">   --->   Core 14 'AddSub' <Latency = 0> <II = 1> <Delay = 2.13> <FuncUnit> <Opcode : 'add' 'sub'> <InPorts = 2> <OutPorts = 1>
ST_7 : Operation 82 [1/1] (0.00ns)   --->   "ret i18 %agg_result_i" [firmware/nnet_utils/nnet_common.h:80]   --->   Operation 82 'ret' <Predicate = true> <Delay = 0.00>


============================================================
+ Verbose Summary: Timing violations
============================================================
Target clock period: 5ns, clock uncertainty: 0.625ns.

 <State 1>: 1.77ns
The critical path consists of the following:
	multiplexor before 'phi' operation ('i') with incoming values : ('i', firmware/nnet_utils/nnet_common.h:74) [23]  (1.77 ns)

 <State 2>: 1.86ns
The critical path consists of the following:
	'phi' operation ('i') with incoming values : ('i', firmware/nnet_utils/nnet_common.h:74) [23]  (0 ns)
	multiplexor before 'phi' operation ('left[0].V', firmware/nnet_utils/nnet_common.h:75) with incoming values : ('x[3].V', firmware/nnet_utils/nnet_common.h:62) ('x[2].V', firmware/nnet_utils/nnet_common.h:62) ('x[1].V', firmware/nnet_utils/nnet_common.h:62) ('x[0].V', firmware/nnet_utils/nnet_common.h:62) [37]  (1.86 ns)

 <State 3>: 1.3ns
The critical path consists of the following:

 <State 4>: 2.83ns
The critical path consists of the following:
	'phi' operation ('i') with incoming values : ('i', firmware/nnet_utils/nnet_common.h:77) [61]  (0 ns)
	'xor' operation ('tmp_20_t', firmware/nnet_utils/nnet_common.h:78) [67]  (0.965 ns)
	multiplexor before 'phi' operation ('right[0].V', firmware/nnet_utils/nnet_common.h:78) with incoming values : ('x[7].V', firmware/nnet_utils/nnet_common.h:62) ('x[6].V', firmware/nnet_utils/nnet_common.h:62) ('x[5].V', firmware/nnet_utils/nnet_common.h:62) ('x[4].V', firmware/nnet_utils/nnet_common.h:62) [76]  (1.86 ns)

 <State 5>: 1.3ns
The critical path consists of the following:

 <State 6>: 3.96ns
The critical path consists of the following:
	'call' operation ('__Val2__', firmware/nnet_utils/nnet_common.h:80) to 'reduce.1' [102]  (3.96 ns)

 <State 7>: 2.14ns
The critical path consists of the following:
	'add' operation ('agg_result_i', firmware/nnet_utils/nnet_common.h:88->firmware/nnet_utils/nnet_common.h:80) [104]  (2.14 ns)


============================================================
+ Verbose Summary: Binding
============================================================
N/A
* FSMD analyzer results:
  - Output states:
 - Input state : 
  - Chain level:
	State 1
	State 2
	State 3
	State 4
	State 5
	State 6
	State 7


============================================================
+ Verbose Summary: Datapath Resource usage 
============================================================
N/A
